Abaqus/Explicit 6.11-3                           DATE 08-Dec-2018  TIME 15:21:33
-------------------------------------------------------------------------------
 PREPROCESSOR WARNING MESSAGES
-------------------------------------------------------------------------------


***WARNING: There are 78 warning messages in the data (.dat) file.  Please
            check the data file for possible errors in the input file.


-------------------------------------------------------------------------------
           DOMAIN DECOMPOSITION INFORMATION
-------------------------------------------------------------------------------


     DOMAIN 1 HAS 756 ELEMENTS AND 1100 NODES with WEIGHTS 44.409.
          There are 620 nodes shared with following domains:
              Domain  2 with 620 nodes

     DOMAIN 2 HAS 1755 ELEMENTS AND 2506 NODES with WEIGHTS 55.591.
          There are 620 nodes shared with following domains:
              Domain  1 with 620 nodes


-------------------------------------------------------------------------------
 MODEL INFORMATION (IN GLOBAL X-Y COORDINATES)
-------------------------------------------------------------------------------

   Total mass in model = 2.88000E-04
   Center of mass of model = (-7.519911E-08, 4.000000E+01, 1.000000E+01)

    Moments of Inertia :
                 About Center of Mass              About Origin
      I(XX)          1.643141E-01                  6.539141E-01
      I(YY)          4.916804E-02                  7.796804E-02
      I(ZZ)          1.932154E-01                  6.540154E-01
      I(XY)          1.229524E-10                  9.892460E-10
      I(YZ)         -1.580531E-09                 -1.152000E-01
      I(ZX)          5.113067E-11                  2.677041E-10

-------------------------------------------------------------------------------
 STABLE TIME INCREMENT INFORMATION
-------------------------------------------------------------------------------


  The stable time increment estimate for each element is based on
  linearization about the initial state.


   Initial time increment = 3.82809E-07

   Statistics for all elements:
      Mean = 3.82806E-07
      Standard deviation = 1.54470E-09

   Most critical elements:
    Element number   Rank    Time increment   Increment ratio
    (Instance name)
   ----------------------------------------------------------
         301          1       3.828088E-07      1.000000E+00
    MODEL-1
         303          2       3.828088E-07      1.000000E+00
    MODEL-1
         324          3       3.828088E-07      1.000000E+00
    MODEL-1
         326          4       3.828088E-07      1.000000E+00
    MODEL-1
         347          5       3.828088E-07      1.000000E+00
    MODEL-1
         349          6       3.828088E-07      1.000000E+00
    MODEL-1
         370          7       3.828088E-07      1.000000E+00
    MODEL-1
         372          8       3.828088E-07      1.000000E+00
    MODEL-1
         577          9       3.828088E-07      1.000000E+00
    MODEL-1
         579         10       3.828088E-07      1.000000E+00
    MODEL-1


  Instance name for the most critical element will be printed if the critical
  element changes or at the beginning of a new page.



Abaqus/Explicit 6.11-3                           DATE 08-Dec-2018  TIME 15:21:33

The single precision Abaqus/Explicit executable will be used in this analysis.

The model has been decomposed into 2 domains.
Domain level parallelization will be used with 2 processors.

-------------------------------------------------------------------------------
 SOLUTION PROGRESS
-------------------------------------------------------------------------------

 STEP 1  ORIGIN 0.0000

  Total memory used for step 1 is approximately 6.9 megabytes.
  Global time estimation algorithm will be used.
  Scaling factor:  1.0000
  Variable mass scaling factor at zero increment: 1.0000
              STEP     TOTAL       CPU      STABLE    CRITICAL    KINETIC      TOTAL
INCREMENT     TIME      TIME      TIME   INCREMENT     ELEMENT     ENERGY     ENERGY
        0  0.000E+00 0.000E+00  00:00:00 3.828E-07         692  0.000E+00  0.000E+00
INSTANCE WITH CRITICAL ELEMENT: MODEL-1
ODB Field Frame Number      0 of     20 requested intervals at increment zero.
     5199  2.500E-03 2.500E-03  00:00:04 4.810E-07         575  1.301E+01 -8.938E-01
INSTANCE WITH CRITICAL ELEMENT: MODEL-1
ODB Field Frame Number      1 of     20 requested intervals at  2.500108E-03
    10522  5.000E-03 5.000E-03  00:00:08 4.631E-07        1244  1.852E+01  2.470E-01
ODB Field Frame Number      2 of     20 requested intervals at  5.000100E-03
    15964  7.500E-03 7.500E-03  00:00:13 4.554E-07        1359  2.769E+01  2.173E+00
ODB Field Frame Number      3 of     20 requested intervals at  7.500439E-03
    21497  1.000E-02 1.000E-02  00:00:17 4.459E-07        1358  2.137E+01 -3.899E+00
ODB Field Frame Number      4 of     20 requested intervals at  1.000020E-02
    27138  1.250E-02 1.250E-02  00:00:22 4.359E-07        1244  1.629E+01 -1.439E+01
ODB Field Frame Number      5 of     20 requested intervals at  1.250002E-02
    32926  1.500E-02 1.500E-02  00:00:26 4.281E-07        1244  1.691E+01 -1.496E+01
ODB Field Frame Number      6 of     20 requested intervals at  1.500023E-02
    38853  1.750E-02 1.750E-02  00:00:31 4.160E-07        1244  1.624E+01 -1.569E+01
ODB Field Frame Number      7 of     20 requested intervals at  1.750039E-02
    44931  2.000E-02 2.000E-02  00:00:36 4.099E-07         671  1.638E+01 -1.716E+01
ODB Field Frame Number      8 of     20 requested intervals at  2.000015E-02
    51188  2.250E-02 2.250E-02  00:00:41 3.935E-07        1244  1.736E+01 -1.856E+01
ODB Field Frame Number      9 of     20 requested intervals at  2.250024E-02
    57637  2.500E-02 2.500E-02  00:00:47 3.819E-07         140  1.691E+01 -1.947E+01
ODB Field Frame Number     10 of     20 requested intervals at  2.500030E-02
    64285  2.750E-02 2.750E-02  00:00:52 3.714E-07         833  1.765E+01 -1.982E+01
ODB Field Frame Number     11 of     20 requested intervals at  2.750024E-02
    71189  3.000E-02 3.000E-02  00:00:58 3.531E-07         694  1.948E+01 -2.043E+01
ODB Field Frame Number     12 of     20 requested intervals at  3.000014E-02
    78427  3.250E-02 3.250E-02  00:01:04 3.403E-07         718  1.968E+01 -1.919E+01
ODB Field Frame Number     13 of     20 requested intervals at  3.250013E-02
    85973  3.500E-02 3.500E-02  00:01:10 3.250E-07         695  2.184E+01 -1.512E+01
ODB Field Frame Number     14 of     20 requested intervals at  3.500010E-02
    93765  3.750E-02 3.750E-02  00:01:16 3.162E-07         811  2.345E+01 -1.093E+01
ODB Field Frame Number     15 of     20 requested intervals at  3.750015E-02
   101804  4.000E-02 4.000E-02  00:01:23 3.057E-07         695  2.418E+01 -6.650E+00
ODB Field Frame Number     16 of     20 requested intervals at  4.000026E-02
   110156  4.250E-02 4.250E-02  00:01:30 2.925E-07         696  2.600E+01 -3.244E+00
ODB Field Frame Number     17 of     20 requested intervals at  4.250013E-02
   118840  4.500E-02 4.500E-02  00:01:37 2.817E-07         696  2.742E+01 -8.650E-02
ODB Field Frame Number     18 of     20 requested intervals at  4.500004E-02
   127890  4.750E-02 4.750E-02  00:01:44 2.699E-07         811  2.800E+01  2.801E+00
ODB Field Frame Number     19 of     20 requested intervals at  4.750024E-02
   137344  5.000E-02 5.000E-02  00:01:51 2.576E-07         696  2.704E+01  5.146E+00
Restart Number  1 at 5.00000E-02
ODB Field Frame Number     20 of     20 requested intervals at  5.000000E-02

***WARNING: Jumps in displacement boundary conditions have been detected at
            the beginning of step 2.  The maximum jump is 27.999 at node 165
            of instance UPPER-1.  The node set "WarnNodeDispBCJump" has been
            written to the .odb file for display in Abaqus/Viewer.  Check the
            .msg file for more detailed information.


***NOTE: Displacement boundary conditions with prescribed jumps will be
         enforced as defined, minus the value of the jump. The jumps might be
         caused by:
            1) A discontinuous *BOUNDARY, TYPE=DISPLACEMENT definition.
            2) Initial contact adjustments at the beginning of the first
               step.
            3) Locating the rigid body reference node with the POSITION=CENTER
               OF MASS parameter.
            4) Use of an amplitude curve to prescribe the boundary conditions
               in an analysis with a large number of increments; precision
               error may cause a small drift from the prescribed displacement.


Abaqus/Explicit 6.11-3                           DATE 08-Dec-2018  TIME 15:24:10

 STEP 2  ORIGIN 5.00000E-02

  Total memory used for step 2 is approximately 8.0 megabytes.
  Global time estimation algorithm will be used.
  Scaling factor:  1.0000
  Variable mass scaling factor at zero increment: 1.0000
              STEP     TOTAL       CPU      STABLE    CRITICAL    KINETIC      TOTAL
INCREMENT     TIME      TIME      TIME   INCREMENT     ELEMENT     ENERGY     ENERGY
        0  0.000E+00 5.000E-02  00:01:51 2.200E-07         696  2.704E+01 -1.210E+01
INSTANCE WITH CRITICAL ELEMENT: MODEL-1
ODB Field Frame Number      0 of     20 requested intervals at increment zero.

***WARNING: THE ANALYSIS MAY NEED A LARGE NUMBER OF INCREMENTS (MORE THAN
            300000), AND IT MAY BE AFFECTED BY ROUND-OFF ERRORS. RUNNING THE
            DOUBLE PRECISION EXECUTABLE IS RECOMMENDED.

     9863  2.500E-03 5.250E-02  00:01:59 2.535E-07         696  1.596E+01 -1.312E+01
INSTANCE WITH CRITICAL ELEMENT: MODEL-1
ODB Field Frame Number      1 of     20 requested intervals at  5.250007E-02
    19727  5.000E-03 5.500E-02  00:02:08 2.535E-07         696  1.744E+01 -9.714E+00
ODB Field Frame Number      2 of     20 requested intervals at  5.500011E-02
    29596  7.500E-03 5.750E-02  00:02:16 2.534E-07         696  2.012E+01 -6.193E+00
ODB Field Frame Number      3 of     20 requested intervals at  5.750012E-02
    39465  1.000E-02 6.000E-02  00:02:23 2.529E-07         696  2.164E+01 -1.576E+00
ODB Field Frame Number      4 of     20 requested intervals at  6.000014E-02
    49366  1.250E-02 6.250E-02  00:02:32 2.519E-07         696  2.525E+01  3.616E+00
ODB Field Frame Number      5 of     20 requested intervals at  6.250024E-02
    59329  1.500E-02 6.500E-02  00:02:40 2.502E-07         696  2.642E+01  8.197E+00
ODB Field Frame Number      6 of     20 requested intervals at  6.500013E-02
    69393  1.750E-02 6.750E-02  00:02:49 2.466E-07          69  3.166E+01  1.688E+01
ODB Field Frame Number      7 of     20 requested intervals at  6.750007E-02
    79639  2.000E-02 7.000E-02  00:02:57 2.415E-07        1449  3.531E+01  2.489E+01
ODB Field Frame Number      8 of     20 requested intervals at  7.000010E-02
    90150  2.250E-02 7.250E-02  00:03:05 2.332E-07        1426  3.524E+01  3.634E+01
ODB Field Frame Number      9 of     20 requested intervals at  7.250009E-02
   101105  2.500E-02 7.500E-02  00:03:14 2.229E-07        1495  3.596E+01  4.371E+01
ODB Field Frame Number     10 of     20 requested intervals at  7.500017E-02
   112586  2.750E-02 7.750E-02  00:03:23 2.123E-07         207  3.678E+01  5.233E+01
ODB Field Frame Number     11 of     20 requested intervals at  7.750004E-02
   124694  3.000E-02 8.000E-02  00:03:32 2.001E-07        1334  3.885E+01  5.907E+01
ODB Field Frame Number     12 of     20 requested intervals at  8.000001E-02
   137525  3.250E-02 8.250E-02  00:03:42 1.901E-07         184  4.302E+01  6.673E+01
ODB Field Frame Number     13 of     20 requested intervals at  8.250010E-02
   151021  3.500E-02 8.500E-02  00:03:54 1.769E-07         230  4.451E+01  7.081E+01
ODB Field Frame Number     14 of     20 requested intervals at  8.500013E-02

***WARNING: THE ANALYSIS REACHED A LARGE NUMBER OF INCREMENTS (300000), AND IT
            MAY BE AFFECTED BY ROUND-OFF ERRORS. RUNNING THE DOUBLE PRECISION
            EXECUTABLE IS RECOMMENDED.

   165495  3.750E-02 8.750E-02  00:04:05 1.679E-07        1334  4.574E+01  7.505E+01
ODB Field Frame Number     15 of     20 requested intervals at  8.750004E-02
   180885  4.000E-02 9.000E-02  00:04:17 1.560E-07         207  5.279E+01  7.869E+01
ODB Field Frame Number     16 of     20 requested intervals at  9.000003E-02
   197341  4.250E-02 9.250E-02  00:04:30 1.461E-07         230  6.260E+01  8.800E+01
ODB Field Frame Number     17 of     20 requested intervals at  9.250014E-02
   215055  4.500E-02 9.500E-02  00:04:45 1.362E-07         207  6.899E+01  9.963E+01
ODB Field Frame Number     18 of     20 requested intervals at  9.500004E-02
   234115  4.750E-02 9.750E-02  00:05:00 1.257E-07         822  6.546E+01  1.109E+02
ODB Field Frame Number     19 of     20 requested intervals at  9.750003E-02
   254693  5.000E-02 1.000E-01  00:05:16 1.168E-07         823  7.741E+01  1.250E+02
Restart Number  1 at 0.10000
ODB Field Frame Number     20 of     20 requested intervals at  1.000000E-01

***WARNING: Jumps in displacement boundary conditions have been detected at
            the beginning of step 3.  The maximum jump is 27.999 at node 165
            of instance UPPER-1.  The node set "WarnNodeDispBCJump" has been
            written to the .odb file for display in Abaqus/Viewer.  Check the
            .msg file for more detailed information.


***NOTE: Displacement boundary conditions with prescribed jumps will be
         enforced as defined, minus the value of the jump. The jumps might be
         caused by:
            1) A discontinuous *BOUNDARY, TYPE=DISPLACEMENT definition.
            2) Initial contact adjustments at the beginning of the first
               step.
            3) Locating the rigid body reference node with the POSITION=CENTER
               OF MASS parameter.
            4) Use of an amplitude curve to prescribe the boundary conditions
               in an analysis with a large number of increments; precision
               error may cause a small drift from the prescribed displacement.


Abaqus/Explicit 6.11-3                           DATE 08-Dec-2018  TIME 15:28:56

 STEP 3  ORIGIN 0.10000

  Total memory used for step 3 is approximately 7.8 megabytes.
  Global time estimation algorithm will be used.
  Scaling factor:  1.0000
  Variable mass scaling factor at zero increment: 1.0000
              STEP     TOTAL       CPU      STABLE    CRITICAL    KINETIC      TOTAL
INCREMENT     TIME      TIME      TIME   INCREMENT     ELEMENT     ENERGY     ENERGY
        0  0.000E+00 1.000E-01  00:05:16 9.560E-08         823  7.741E+01  1.140E+02
INSTANCE WITH CRITICAL ELEMENT: MODEL-1
ODB Field Frame Number      0 of     20 requested intervals at increment zero.
    21698  2.500E-03 1.025E-01  00:05:30 1.151E-07         822  3.428E+00 -2.631E+02
INSTANCE WITH CRITICAL ELEMENT: MODEL-1
ODB Field Frame Number      1 of     20 requested intervals at  1.025001E-01
    43428  5.000E-03 1.050E-01  00:05:43 1.150E-07         822  3.012E+00 -2.599E+02
ODB Field Frame Number      2 of     20 requested intervals at  1.050000E-01
    65157  7.500E-03 1.075E-01  00:05:57 1.150E-07         822  7.311E-01 -2.625E+02
ODB Field Frame Number      3 of     20 requested intervals at  1.075000E-01
    86954  1.000E-02 1.100E-01  00:06:11 1.149E-07         822  3.677E+00 -2.792E+02
ODB Field Frame Number      4 of     20 requested intervals at  1.100000E-01
   108773  1.250E-02 1.125E-01  00:06:25 1.149E-07         822  1.240E+00 -2.973E+02
ODB Field Frame Number      5 of     20 requested intervals at  1.125000E-01
   130596  1.500E-02 1.150E-01  00:06:39 1.149E-07         822  2.023E+00 -3.129E+02
ODB Field Frame Number      6 of     20 requested intervals at  1.150000E-01
   152288  1.750E-02 1.175E-01  00:06:54 1.149E-07         822  3.998E+00 -3.122E+02
ODB Field Frame Number      7 of     20 requested intervals at  1.175001E-01
   173936  2.000E-02 1.200E-01  00:07:09 1.149E-07         822  2.546E+00 -3.117E+02
ODB Field Frame Number      8 of     20 requested intervals at  1.200001E-01
   195584  2.250E-02 1.225E-01  00:07:23 1.150E-07         822  2.578E+00 -3.063E+02
ODB Field Frame Number      9 of     20 requested intervals at  1.225001E-01
   217232  2.500E-02 1.250E-01  00:07:38 1.150E-07         822  2.550E+00 -2.993E+02
ODB Field Frame Number     10 of     20 requested intervals at  1.250001E-01
   238880  2.750E-02 1.275E-01  00:07:52 1.150E-07         822  2.160E+00 -2.974E+02
ODB Field Frame Number     11 of     20 requested intervals at  1.275001E-01
   260528  3.000E-02 1.300E-01  00:08:07 1.150E-07         822  2.362E+00 -2.944E+02
ODB Field Frame Number     12 of     20 requested intervals at  1.300001E-01
   282176  3.250E-02 1.325E-01  00:08:22 1.150E-07         822  2.581E+00 -2.901E+02
ODB Field Frame Number     13 of     20 requested intervals at  1.325001E-01
   303824  3.500E-02 1.350E-01  00:08:37 1.150E-07         822  2.486E+00 -2.884E+02
ODB Field Frame Number     14 of     20 requested intervals at  1.350001E-01
   325472  3.750E-02 1.375E-01  00:08:53 1.150E-07         822  2.432E+00 -2.867E+02
ODB Field Frame Number     15 of     20 requested intervals at  1.375000E-01
   347120  4.000E-02 1.400E-01  00:09:07 1.150E-07         822  1.813E+00 -2.790E+02
ODB Field Frame Number     16 of     20 requested intervals at  1.400000E-01
   368768  4.250E-02 1.425E-01  00:09:22 1.151E-07         822  4.492E+00 -2.665E+02
ODB Field Frame Number     17 of     20 requested intervals at  1.425000E-01
   390416  4.500E-02 1.450E-01  00:09:38 1.151E-07         822  2.262E+00 -2.561E+02
ODB Field Frame Number     18 of     20 requested intervals at  1.450000E-01
   412064  4.750E-02 1.475E-01  00:09:53 1.152E-07         822  2.965E+00 -2.429E+02
ODB Field Frame Number     19 of     20 requested intervals at  1.475000E-01
   433712  5.000E-02 1.500E-01  00:10:11 1.152E-07         822  3.162E+00 -2.322E+02
Restart Number  1 at 0.15000
ODB Field Frame Number     20 of     20 requested intervals at  1.500000E-01

***WARNING: Jumps in displacement boundary conditions have been detected at
            the beginning of step 4.  The maximum jump is 27.999 at node 165
            of instance UPPER-1.  The node set "WarnNodeDispBCJump" has been
            written to the .odb file for display in Abaqus/Viewer.  Check the
            .msg file for more detailed information.


***NOTE: Displacement boundary conditions with prescribed jumps will be
         enforced as defined, minus the value of the jump. The jumps might be
         caused by:
            1) A discontinuous *BOUNDARY, TYPE=DISPLACEMENT definition.
            2) Initial contact adjustments at the beginning of the first
               step.
            3) Locating the rigid body reference node with the POSITION=CENTER
               OF MASS parameter.
            4) Use of an amplitude curve to prescribe the boundary conditions
               in an analysis with a large number of increments; precision
               error may cause a small drift from the prescribed displacement.


Abaqus/Explicit 6.11-3                           DATE 08-Dec-2018  TIME 15:35:24

 STEP 4  ORIGIN 0.15000

  Total memory used for step 4 is approximately 7.8 megabytes.
  Global time estimation algorithm will be used.
  Scaling factor:  1.0000
  Variable mass scaling factor at zero increment: 1.0000
              STEP     TOTAL       CPU      STABLE    CRITICAL    KINETIC      TOTAL
INCREMENT     TIME      TIME      TIME   INCREMENT     ELEMENT     ENERGY     ENERGY
        0  0.000E+00 1.500E-01  00:10:11 9.428E-08         822  3.162E+00 -2.372E+02
INSTANCE WITH CRITICAL ELEMENT: MODEL-1
ODB Field Frame Number      0 of     30 requested intervals at increment zero.
    14470  1.667E-03 1.517E-01  00:10:22 1.152E-07         822  2.281E+00 -2.283E+02
INSTANCE WITH CRITICAL ELEMENT: MODEL-1
ODB Field Frame Number      1 of     30 requested intervals at  1.516668E-01
    28933  3.333E-03 1.533E-01  00:10:34 1.152E-07         822  1.648E+00 -2.142E+02
ODB Field Frame Number      2 of     30 requested intervals at  1.533334E-01
    43370  5.000E-03 1.550E-01  00:10:45 1.153E-07         822  1.889E+00 -2.040E+02
ODB Field Frame Number      3 of     30 requested intervals at  1.550000E-01
    57793  6.667E-03 1.567E-01  00:10:57 1.155E-07         822  2.924E+00 -1.892E+02
ODB Field Frame Number      4 of     30 requested intervals at  1.566667E-01
    72207  8.333E-03 1.583E-01  00:11:08 1.157E-07         822  1.763E+01 -1.698E+02
ODB Field Frame Number      5 of     30 requested intervals at  1.583334E-01
    86618  1.000E-02 1.600E-01  00:11:20 1.158E-07         822  1.969E+01 -1.469E+02
ODB Field Frame Number      6 of     30 requested intervals at  1.600001E-01
   100994  1.167E-02 1.617E-01  00:11:32 1.160E-07         822  2.783E+00 -1.215E+02
ODB Field Frame Number      7 of     30 requested intervals at  1.616668E-01
   115310  1.333E-02 1.633E-01  00:11:44 1.163E-07         822  4.059E+00 -9.922E+01
ODB Field Frame Number      8 of     30 requested intervals at  1.633334E-01
   129627  1.500E-02 1.650E-01  00:11:56 1.163E-07         823  5.470E+00 -7.263E+01
ODB Field Frame Number      9 of     30 requested intervals at  1.650001E-01
   144015  1.667E-02 1.667E-01  00:12:08 1.163E-07         823  5.882E+00 -5.150E+01
ODB Field Frame Number     10 of     30 requested intervals at  1.666667E-01
   158447  1.833E-02 1.683E-01  00:12:20 1.163E-07         823  6.654E+00 -2.848E+01
ODB Field Frame Number     11 of     30 requested intervals at  1.683334E-01
   172879  2.000E-02 1.700E-01  00:12:32 1.163E-07         823  6.318E+00 -7.992E+00
ODB Field Frame Number     12 of     30 requested intervals at  1.700000E-01
   187311  2.167E-02 1.717E-01  00:12:45 1.163E-07         823  7.058E+00  1.004E+01
ODB Field Frame Number     13 of     30 requested intervals at  1.716667E-01
   201743  2.333E-02 1.733E-01  00:12:57 1.163E-07         707  6.561E+00  2.695E+01
ODB Field Frame Number     14 of     30 requested intervals at  1.733333E-01
   216175  2.500E-02 1.750E-01  00:13:09 1.163E-07         822  9.713E+00  4.039E+01
ODB Field Frame Number     15 of     30 requested intervals at  1.750000E-01
   230607  2.667E-02 1.767E-01  00:13:22 1.163E-07         822  1.082E+01  5.451E+01
ODB Field Frame Number     16 of     30 requested intervals at  1.766667E-01
   246873  2.833E-02 1.783E-01  00:13:36 9.668E-08         823  2.012E+01  5.655E+01
ODB Field Frame Number     17 of     30 requested intervals at  1.783334E-01
   264393  3.000E-02 1.800E-01  00:13:50 1.004E-07         706  2.089E+01  5.822E+01
ODB Field Frame Number     18 of     30 requested intervals at  1.800001E-01
   282722  3.167E-02 1.817E-01  00:14:05 8.734E-08         822  1.946E+01  6.430E+01
ODB Field Frame Number     19 of     30 requested intervals at  1.816667E-01
   301777  3.333E-02 1.833E-01  00:14:21 8.833E-08         821  2.944E+01  7.086E+01
ODB Field Frame Number     20 of     30 requested intervals at  1.833334E-01
   321595  3.500E-02 1.850E-01  00:14:39 8.276E-08         707  1.943E+01  7.592E+01
ODB Field Frame Number     21 of     30 requested intervals at  1.850001E-01
   342106  3.667E-02 1.867E-01  00:14:57 8.202E-08         708  2.146E+01  8.100E+01
ODB Field Frame Number     22 of     30 requested intervals at  1.866667E-01
   363364  3.833E-02 1.883E-01  00:15:15 7.697E-08         823  2.081E+01  8.502E+01
ODB Field Frame Number     23 of     30 requested intervals at  1.883333E-01
   385366  4.000E-02 1.900E-01  00:15:34 7.634E-08         824  2.705E+01  8.880E+01
ODB Field Frame Number     24 of     30 requested intervals at  1.900001E-01
   408330  4.167E-02 1.917E-01  00:15:54 6.996E-08         822  2.424E+01  9.220E+01
ODB Field Frame Number     25 of     30 requested intervals at  1.916667E-01
   432079  4.333E-02 1.933E-01  00:16:14 6.736E-08         822  3.435E+01  9.521E+01
ODB Field Frame Number     26 of     30 requested intervals at  1.933334E-01
   456706  4.500E-02 1.950E-01  00:16:35 6.490E-08         822  2.835E+01  1.027E+02
ODB Field Frame Number     27 of     30 requested intervals at  1.950000E-01
   482431  4.667E-02 1.967E-01  00:16:58 6.268E-08         822  3.323E+01  1.081E+02
ODB Field Frame Number     28 of     30 requested intervals at  1.966667E-01
   508845  4.833E-02 1.983E-01  00:17:21 6.485E-08         708  5.273E+01  1.140E+02
ODB Field Frame Number     29 of     30 requested intervals at  1.983334E-01
   536372  5.000E-02 2.000E-01  00:17:44 5.816E-08         822  4.275E+01  1.200E+02
Restart Number  1 at 0.20000
ODB Field Frame Number     30 of     30 requested intervals at  2.000000E-01

  THE ANALYSIS HAS COMPLETED SUCCESSFULLY

