Abaqus/Explicit 6.11-3                           DATE 09-Dec-2018  TIME 18:21:18
-------------------------------------------------------------------------------
 PREPROCESSOR WARNING MESSAGES
-------------------------------------------------------------------------------


***WARNING: There are 78 warning messages in the data (.dat) file.  Please
            check the data file for possible errors in the input file.


-------------------------------------------------------------------------------
           DOMAIN DECOMPOSITION INFORMATION
-------------------------------------------------------------------------------


     DOMAIN 1 HAS 756 ELEMENTS AND 1100 NODES with WEIGHTS 43.967.
          There are 620 nodes shared with following domains:
              Domain  2 with 620 nodes

     DOMAIN 2 HAS 1885 ELEMENTS AND 2623 NODES with WEIGHTS 56.033.
          There are 620 nodes shared with following domains:
              Domain  1 with 620 nodes


-------------------------------------------------------------------------------
 MODEL INFORMATION (IN GLOBAL X-Y COORDINATES)
-------------------------------------------------------------------------------

   Total mass in model = 2.88000E-04
   Center of mass of model = ( 5.682861E-07, 4.000000E+01, 1.000000E+01)

    Moments of Inertia :
                 About Center of Mass              About Origin
      I(XX)          1.643141E-01                  6.539141E-01
      I(YY)          4.916804E-02                  7.796804E-02
      I(ZZ)          1.932154E-01                  6.540154E-01
      I(XY)         -1.579115E-10                 -6.704568E-09
      I(YZ)         -2.174886E-09                 -1.152000E-01
      I(ZX)         -1.426783E-11                 -1.650932E-09

-------------------------------------------------------------------------------
 STABLE TIME INCREMENT INFORMATION
-------------------------------------------------------------------------------


  The stable time increment estimate for each element is based on
  linearization about the initial state.


   Initial time increment = 3.82809E-07

   Statistics for all elements:
      Mean = 3.82806E-07
      Standard deviation = 1.54470E-09

   Most critical elements:
    Element number   Rank    Time increment   Increment ratio
    (Instance name)
   ----------------------------------------------------------
         163          1       3.828088E-07      1.000000E+00
    MODEL-1
         165          2       3.828088E-07      1.000000E+00
    MODEL-1
         186          3       3.828088E-07      1.000000E+00
    MODEL-1
         188          4       3.828088E-07      1.000000E+00
    MODEL-1
         209          5       3.828088E-07      1.000000E+00
    MODEL-1
         211          6       3.828088E-07      1.000000E+00
    MODEL-1
         232          7       3.828088E-07      1.000000E+00
    MODEL-1
         234          8       3.828088E-07      1.000000E+00
    MODEL-1
         140          9       3.828088E-07      1.000000E+00
    MODEL-1
         142         10       3.828088E-07      1.000000E+00
    MODEL-1


  Instance name for the most critical element will be printed if the critical
  element changes or at the beginning of a new page.



Abaqus/Explicit 6.11-3                           DATE 09-Dec-2018  TIME 18:21:18

The single precision Abaqus/Explicit executable will be used in this analysis.

The model has been decomposed into 2 domains.
Domain level parallelization will be used with 2 processors.

-------------------------------------------------------------------------------
 SOLUTION PROGRESS
-------------------------------------------------------------------------------

 STEP 1  ORIGIN 0.0000

  Total memory used for step 1 is approximately 7.1 megabytes.
  Global time estimation algorithm will be used.
  Scaling factor:  1.0000
  Variable mass scaling factor at zero increment: 1.0000
              STEP     TOTAL       CPU      STABLE    CRITICAL    KINETIC      TOTAL
INCREMENT     TIME      TIME      TIME   INCREMENT     ELEMENT     ENERGY     ENERGY
        0  0.000E+00 0.000E+00  00:00:00 3.828E-07         140  0.000E+00  0.000E+00
INSTANCE WITH CRITICAL ELEMENT: MODEL-1
ODB Field Frame Number      0 of     20 requested intervals at increment zero.
     5197  2.500E-03 2.500E-03  00:00:04 4.812E-07         851  1.338E+01 -8.918E-01
INSTANCE WITH CRITICAL ELEMENT: MODEL-1
ODB Field Frame Number      1 of     20 requested intervals at  2.500199E-03
    10553  5.000E-03 5.000E-03  00:00:09 4.333E-07         437  1.335E+01 -8.084E-01
ODB Field Frame Number      2 of     20 requested intervals at  5.000417E-03
    16421  7.500E-03 7.500E-03  00:00:14 4.217E-07         254  1.731E+01 -1.250E+00
ODB Field Frame Number      3 of     20 requested intervals at  7.500328E-03
    22376  1.000E-02 1.000E-02  00:00:19 4.164E-07        1359  1.714E+01 -2.208E+00
ODB Field Frame Number      4 of     20 requested intervals at  1.000011E-02
    28444  1.250E-02 1.250E-02  00:00:25 4.065E-07        1243  1.708E+01 -3.140E+00
ODB Field Frame Number      5 of     20 requested intervals at  1.250023E-02
    34639  1.500E-02 1.500E-02  00:00:30 3.981E-07        1244  1.664E+01 -3.870E+00
ODB Field Frame Number      6 of     20 requested intervals at  1.500034E-02
    40973  1.750E-02 1.750E-02  00:00:36 3.895E-07        1244  1.660E+01 -4.324E+00
ODB Field Frame Number      7 of     20 requested intervals at  1.750005E-02
    47449  2.000E-02 2.000E-02  00:00:42 3.799E-07        1358  1.576E+01 -4.882E+00
ODB Field Frame Number      8 of     20 requested intervals at  2.000007E-02
    54090  2.250E-02 2.250E-02  00:00:47 3.709E-07        1244  1.627E+01 -4.977E+00
ODB Field Frame Number      9 of     20 requested intervals at  2.250007E-02
    60927  2.500E-02 2.500E-02  00:00:53 3.591E-07         394  1.698E+01 -5.170E+00
ODB Field Frame Number     10 of     20 requested intervals at  2.500006E-02
    68014  2.750E-02 2.750E-02  00:00:59 3.468E-07         555  1.603E+01 -5.079E+00
ODB Field Frame Number     11 of     20 requested intervals at  2.750021E-02
    75364  3.000E-02 3.000E-02  00:01:06 3.336E-07         417  1.644E+01 -4.878E+00
ODB Field Frame Number     12 of     20 requested intervals at  3.000019E-02
    83030  3.250E-02 3.250E-02  00:01:13 3.191E-07         786  1.694E+01 -5.210E+00
ODB Field Frame Number     13 of     20 requested intervals at  3.250008E-02
    91069  3.500E-02 3.500E-02  00:01:20 3.044E-07         718  1.792E+01 -4.567E+00
ODB Field Frame Number     14 of     20 requested intervals at  3.500024E-02
    99347  3.750E-02 3.750E-02  00:01:27 2.969E-07         718  2.076E+01 -3.505E+00
ODB Field Frame Number     15 of     20 requested intervals at  3.750003E-02
   107843  4.000E-02 4.000E-02  00:01:34 2.889E-07         695  2.146E+01 -1.565E+00
ODB Field Frame Number     16 of     20 requested intervals at  4.000027E-02
   116589  4.250E-02 4.250E-02  00:01:41 2.812E-07         719  2.201E+01 -4.210E-01
ODB Field Frame Number     17 of     20 requested intervals at  4.250021E-02
   125609  4.500E-02 4.500E-02  00:01:49 2.727E-07         811  2.212E+01 -1.261E+00
ODB Field Frame Number     18 of     20 requested intervals at  4.500007E-02
   134885  4.750E-02 4.750E-02  00:01:57 2.655E-07         719  2.323E+01 -2.716E-02
ODB Field Frame Number     19 of     20 requested intervals at  4.750003E-02
   144430  5.000E-02 5.000E-02  00:02:05 2.579E-07         719  2.331E+01  1.627E+00
Restart Number  1 at 5.00000E-02
ODB Field Frame Number     20 of     20 requested intervals at  5.000000E-02

***WARNING: Jumps in displacement boundary conditions have been detected at
            the beginning of step 2.  The maximum jump is 27.999 at node 219
            of instance UPPER-1.  The node set "WarnNodeDispBCJump" has been
            written to the .odb file for display in Abaqus/Viewer.  Check the
            .msg file for more detailed information.


***NOTE: Displacement boundary conditions with prescribed jumps will be
         enforced as defined, minus the value of the jump. The jumps might be
         caused by:
            1) A discontinuous *BOUNDARY, TYPE=DISPLACEMENT definition.
            2) Initial contact adjustments at the beginning of the first
               step.
            3) Locating the rigid body reference node with the POSITION=CENTER
               OF MASS parameter.
            4) Use of an amplitude curve to prescribe the boundary conditions
               in an analysis with a large number of increments; precision
               error may cause a small drift from the prescribed displacement.


Abaqus/Explicit 6.11-3                           DATE 09-Dec-2018  TIME 18:24:14

 STEP 2  ORIGIN 5.00000E-02

  Total memory used for step 2 is approximately 8.3 megabytes.
  Global time estimation algorithm will be used.
  Scaling factor:  1.0000
  Variable mass scaling factor at zero increment: 1.0000
              STEP     TOTAL       CPU      STABLE    CRITICAL    KINETIC      TOTAL
INCREMENT     TIME      TIME      TIME   INCREMENT     ELEMENT     ENERGY     ENERGY
        0  0.000E+00 5.000E-02  00:02:05 2.274E-07         719  2.331E+01 -1.262E+01
INSTANCE WITH CRITICAL ELEMENT: MODEL-1
ODB Field Frame Number      0 of     20 requested intervals at increment zero.

***WARNING: THE ANALYSIS MAY NEED A LARGE NUMBER OF INCREMENTS (MORE THAN
            300000), AND IT MAY BE AFFECTED BY ROUND-OFF ERRORS. RUNNING THE
            DOUBLE PRECISION EXECUTABLE IS RECOMMENDED.

     9723  2.500E-03 5.250E-02  00:02:14 2.572E-07         811  1.362E+01 -1.372E+01
INSTANCE WITH CRITICAL ELEMENT: MODEL-1
ODB Field Frame Number      1 of     20 requested intervals at  5.250009E-02
    19449  5.000E-03 5.500E-02  00:02:22 2.572E-07         811  1.551E+01 -1.312E+01
ODB Field Frame Number      2 of     20 requested intervals at  5.500019E-02
    29175  7.500E-03 5.750E-02  00:02:30 2.572E-07         811  1.853E+01 -1.050E+01
ODB Field Frame Number      3 of     20 requested intervals at  5.750021E-02
    38901  1.000E-02 6.000E-02  00:02:38 2.572E-07         811  1.926E+01 -5.971E+00
ODB Field Frame Number      4 of     20 requested intervals at  6.000023E-02
    48627  1.250E-02 6.250E-02  00:02:47 2.571E-07         811  2.304E+01 -2.542E+00
ODB Field Frame Number      5 of     20 requested intervals at  6.250025E-02
    58351  1.500E-02 6.500E-02  00:02:56 2.567E-07         719  2.521E+01  7.229E-01
ODB Field Frame Number      6 of     20 requested intervals at  6.500007E-02
    68255  1.750E-02 6.750E-02  00:03:04 2.476E-07         230  2.503E+01  3.014E+00
ODB Field Frame Number      7 of     20 requested intervals at  6.750023E-02
    78593  2.000E-02 7.000E-02  00:03:14 2.409E-07         751  2.621E+01  5.841E+00
ODB Field Frame Number      8 of     20 requested intervals at  7.000021E-02
    89379  2.250E-02 7.250E-02  00:03:23 2.241E-07        1334  3.224E+01  9.319E+00
ODB Field Frame Number      9 of     20 requested intervals at  7.250018E-02
   100568  2.500E-02 7.500E-02  00:03:33 2.160E-07        1311  3.117E+01  2.159E+01
ODB Field Frame Number     10 of     20 requested intervals at  7.500010E-02
   112223  2.750E-02 7.750E-02  00:03:43 2.095E-07         230  3.190E+01  4.517E+01
ODB Field Frame Number     11 of     20 requested intervals at  7.750021E-02
   124410  3.000E-02 8.000E-02  00:03:53 2.006E-07         207  3.464E+01  5.143E+01
ODB Field Frame Number     12 of     20 requested intervals at  8.000018E-02
   137133  3.250E-02 8.250E-02  00:04:03 1.904E-07        1334  4.696E+01  6.336E+01
ODB Field Frame Number     13 of     20 requested intervals at  8.250010E-02
   150483  3.500E-02 8.500E-02  00:04:14 1.859E-07         184  5.587E+01  7.821E+01
ODB Field Frame Number     14 of     20 requested intervals at  8.500004E-02

***WARNING: THE ANALYSIS REACHED A LARGE NUMBER OF INCREMENTS (300000), AND IT
            MAY BE AFFECTED BY ROUND-OFF ERRORS. RUNNING THE DOUBLE PRECISION
            EXECUTABLE IS RECOMMENDED.

   164428  3.750E-02 8.750E-02  00:04:26 1.724E-07         747  4.730E+01  9.074E+01
ODB Field Frame Number     15 of     20 requested intervals at  8.750015E-02
   179149  4.000E-02 9.000E-02  00:04:38 1.663E-07         750  4.832E+01  9.847E+01
ODB Field Frame Number     16 of     20 requested intervals at  9.000012E-02
   194883  4.250E-02 9.250E-02  00:04:51 1.541E-07         727  4.992E+01  1.091E+02
ODB Field Frame Number     17 of     20 requested intervals at  9.250013E-02
   211771  4.500E-02 9.500E-02  00:05:05 1.434E-07         771  4.646E+01  1.169E+02
ODB Field Frame Number     18 of     20 requested intervals at  9.500009E-02
   230073  4.750E-02 9.750E-02  00:05:19 1.305E-07         747  4.995E+01  1.219E+02
ODB Field Frame Number     19 of     20 requested intervals at  9.750009E-02
   249846  5.000E-02 1.000E-01  00:05:34 1.211E-07         772  4.679E+01  1.270E+02
Restart Number  1 at 0.10000
ODB Field Frame Number     20 of     20 requested intervals at  1.000000E-01

***WARNING: Jumps in displacement boundary conditions have been detected at
            the beginning of step 3.  The maximum jump is 28.003 at node 228
            of instance LOWER-1.  The node set "WarnNodeDispBCJump" has been
            written to the .odb file for display in Abaqus/Viewer.  Check the
            .msg file for more detailed information.


***NOTE: Displacement boundary conditions with prescribed jumps will be
         enforced as defined, minus the value of the jump. The jumps might be
         caused by:
            1) A discontinuous *BOUNDARY, TYPE=DISPLACEMENT definition.
            2) Initial contact adjustments at the beginning of the first
               step.
            3) Locating the rigid body reference node with the POSITION=CENTER
               OF MASS parameter.
            4) Use of an amplitude curve to prescribe the boundary conditions
               in an analysis with a large number of increments; precision
               error may cause a small drift from the prescribed displacement.


Abaqus/Explicit 6.11-3                           DATE 09-Dec-2018  TIME 18:29:05

 STEP 3  ORIGIN 0.10000

  Total memory used for step 3 is approximately 8.0 megabytes.
  Global time estimation algorithm will be used.
  Scaling factor:  1.0000
  Variable mass scaling factor at zero increment: 1.0000
              STEP     TOTAL       CPU      STABLE    CRITICAL    KINETIC      TOTAL
INCREMENT     TIME      TIME      TIME   INCREMENT     ELEMENT     ENERGY     ENERGY
        0  0.000E+00 1.000E-01  00:05:34 1.068E-07         772  4.679E+01  1.205E+02
INSTANCE WITH CRITICAL ELEMENT: MODEL-1
ODB Field Frame Number      0 of     20 requested intervals at increment zero.
    23486  2.500E-03 1.025E-01  00:05:48 1.064E-07         770  7.843E+00 -2.882E+02
INSTANCE WITH CRITICAL ELEMENT: MODEL-1
ODB Field Frame Number      1 of     20 requested intervals at  1.025000E-01
    46959  5.000E-03 1.050E-01  00:06:01 1.065E-07         770  1.904E+01 -2.892E+02
ODB Field Frame Number      2 of     20 requested intervals at  1.050000E-01
    70403  7.500E-03 1.075E-01  00:06:14 1.065E-07         770  1.171E+00 -2.905E+02
ODB Field Frame Number      3 of     20 requested intervals at  1.075000E-01
    93929  1.000E-02 1.100E-01  00:06:28 1.065E-07         770  8.784E-01 -2.905E+02
ODB Field Frame Number      4 of     20 requested intervals at  1.100001E-01
   117464  1.250E-02 1.125E-01  00:06:42 1.066E-07         770  1.857E+00 -2.904E+02
ODB Field Frame Number      5 of     20 requested intervals at  1.125000E-01
   140995  1.500E-02 1.150E-01  00:06:57 1.066E-07         770  4.628E+00 -2.899E+02
ODB Field Frame Number      6 of     20 requested intervals at  1.150000E-01
   164520  1.750E-02 1.175E-01  00:07:12 1.067E-07         770  3.336E+00 -2.883E+02
ODB Field Frame Number      7 of     20 requested intervals at  1.175000E-01
   188066  2.000E-02 1.200E-01  00:07:26 1.069E-07         770  6.603E+00 -2.882E+02
ODB Field Frame Number      8 of     20 requested intervals at  1.200000E-01
   211578  2.250E-02 1.225E-01  00:07:41 1.071E-07         770  7.312E+00 -2.904E+02
ODB Field Frame Number      9 of     20 requested intervals at  1.225001E-01
   234770  2.500E-02 1.250E-01  00:07:58 1.073E-07         751  4.112E+00 -2.918E+02
ODB Field Frame Number     10 of     20 requested intervals at  1.250001E-01
   257911  2.750E-02 1.275E-01  00:08:12 1.075E-07         751  5.290E+00 -2.916E+02
ODB Field Frame Number     11 of     20 requested intervals at  1.275001E-01
   281052  3.000E-02 1.300E-01  00:08:27 1.078E-07         751  6.436E+00 -2.918E+02
ODB Field Frame Number     12 of     20 requested intervals at  1.300001E-01
   304193  3.250E-02 1.325E-01  00:08:42 1.078E-07         751  7.170E+00 -2.954E+02
ODB Field Frame Number     13 of     20 requested intervals at  1.325001E-01
   327334  3.500E-02 1.350E-01  00:08:56 1.080E-07         751  1.180E+01 -2.947E+02
ODB Field Frame Number     14 of     20 requested intervals at  1.350001E-01
   350475  3.750E-02 1.375E-01  00:09:11 1.090E-07         747  6.141E+00 -2.955E+02
ODB Field Frame Number     15 of     20 requested intervals at  1.375001E-01
   373614  4.000E-02 1.400E-01  00:09:27 1.089E-07         751  8.257E+00 -2.939E+02
ODB Field Frame Number     16 of     20 requested intervals at  1.400000E-01
   396602  4.250E-02 1.425E-01  00:09:46 1.096E-07         751  6.072E+00 -2.950E+02
ODB Field Frame Number     17 of     20 requested intervals at  1.425001E-01
   419117  4.500E-02 1.450E-01  00:10:05 1.113E-07         750  7.214E+00 -2.965E+02
ODB Field Frame Number     18 of     20 requested intervals at  1.450001E-01
   441486  4.750E-02 1.475E-01  00:10:24 1.115E-07         751  9.155E+00 -2.949E+02
ODB Field Frame Number     19 of     20 requested intervals at  1.475000E-01
   463817  5.000E-02 1.500E-01  00:10:43 1.137E-07         752  7.473E+00 -2.953E+02
Restart Number  1 at 0.15000
ODB Field Frame Number     20 of     20 requested intervals at  1.500000E-01

***WARNING: Jumps in displacement boundary conditions have been detected at
            the beginning of step 4.  The maximum jump is 28.003 at node 228
            of instance LOWER-1.  The node set "WarnNodeDispBCJump" has been
            written to the .odb file for display in Abaqus/Viewer.  Check the
            .msg file for more detailed information.


***NOTE: Displacement boundary conditions with prescribed jumps will be
         enforced as defined, minus the value of the jump. The jumps might be
         caused by:
            1) A discontinuous *BOUNDARY, TYPE=DISPLACEMENT definition.
            2) Initial contact adjustments at the beginning of the first
               step.
            3) Locating the rigid body reference node with the POSITION=CENTER
               OF MASS parameter.
            4) Use of an amplitude curve to prescribe the boundary conditions
               in an analysis with a large number of increments; precision
               error may cause a small drift from the prescribed displacement.


Abaqus/Explicit 6.11-3                           DATE 09-Dec-2018  TIME 18:36:39

 STEP 4  ORIGIN 0.15000

  Total memory used for step 4 is approximately 7.9 megabytes.
  Global time estimation algorithm will be used.
  Scaling factor:  1.0000
  Variable mass scaling factor at zero increment: 1.0000
              STEP     TOTAL       CPU      STABLE    CRITICAL    KINETIC      TOTAL
INCREMENT     TIME      TIME      TIME   INCREMENT     ELEMENT     ENERGY     ENERGY
        0  0.000E+00 1.500E-01  00:10:43 1.137E-07         752  7.473E+00 -3.003E+02
INSTANCE WITH CRITICAL ELEMENT: MODEL-1
ODB Field Frame Number      0 of     30 requested intervals at increment zero.
    12591  1.667E-03 1.517E-01  00:10:55 1.324E-07         751  6.720E+00 -3.023E+02
INSTANCE WITH CRITICAL ELEMENT: MODEL-1
ODB Field Frame Number      1 of     30 requested intervals at  1.516668E-01
    25175  3.333E-03 1.533E-01  00:11:06 1.324E-07         751  2.450E+00 -3.022E+02
ODB Field Frame Number      2 of     30 requested intervals at  1.533333E-01
    37778  5.000E-03 1.550E-01  00:11:17 1.324E-07         751  3.513E+00 -3.041E+02
ODB Field Frame Number      3 of     30 requested intervals at  1.550001E-01
    50378  6.667E-03 1.567E-01  00:11:27 1.325E-07         751  5.025E+00 -3.011E+02
ODB Field Frame Number      4 of     30 requested intervals at  1.566667E-01
    63029  8.333E-03 1.583E-01  00:11:37 1.320E-07         774  3.772E+00 -2.998E+02
ODB Field Frame Number      5 of     30 requested intervals at  1.583334E-01
    75752  1.000E-02 1.600E-01  00:11:48 1.308E-07         751  6.414E+00 -3.007E+02
ODB Field Frame Number      6 of     30 requested intervals at  1.600001E-01
    88468  1.167E-02 1.617E-01  00:11:58 1.305E-07         751  1.718E+01 -2.979E+02
ODB Field Frame Number      7 of     30 requested intervals at  1.616668E-01
   101246  1.333E-02 1.633E-01  00:12:09 1.293E-07         751  1.102E+01 -2.963E+02
ODB Field Frame Number      8 of     30 requested intervals at  1.633334E-01
   114149  1.500E-02 1.650E-01  00:12:20 1.306E-07         751  5.967E+00 -2.945E+02
ODB Field Frame Number      9 of     30 requested intervals at  1.650001E-01
   127092  1.667E-02 1.667E-01  00:12:30 1.278E-07        1380  1.050E+01 -2.935E+02
ODB Field Frame Number     10 of     30 requested intervals at  1.666667E-01
   140260  1.833E-02 1.683E-01  00:12:41 1.240E-07        1380  8.068E+00 -2.911E+02
ODB Field Frame Number     11 of     30 requested intervals at  1.683334E-01
   153730  2.000E-02 1.700E-01  00:12:53 1.225E-07         276  1.829E+01 -2.869E+02
ODB Field Frame Number     12 of     30 requested intervals at  1.700001E-01
   167345  2.167E-02 1.717E-01  00:13:05 1.217E-07         276  1.302E+01 -2.866E+02
ODB Field Frame Number     13 of     30 requested intervals at  1.716667E-01
   181071  2.333E-02 1.733E-01  00:13:17 1.218E-07        1380  1.388E+01 -2.856E+02
ODB Field Frame Number     14 of     30 requested intervals at  1.733334E-01
   194826  2.500E-02 1.750E-01  00:13:28 1.202E-07         276  1.598E+01 -2.848E+02
ODB Field Frame Number     15 of     30 requested intervals at  1.750001E-01
   208735  2.667E-02 1.767E-01  00:13:40 1.194E-07         276  1.860E+01 -2.884E+02
ODB Field Frame Number     16 of     30 requested intervals at  1.766667E-01
   222697  2.833E-02 1.783E-01  00:13:52 1.188E-07         276  1.631E+01 -2.858E+02
ODB Field Frame Number     17 of     30 requested intervals at  1.783334E-01
   236661  3.000E-02 1.800E-01  00:14:04 1.196E-07         276  2.535E+01 -2.838E+02
ODB Field Frame Number     18 of     30 requested intervals at  1.800001E-01
   250813  3.167E-02 1.817E-01  00:14:16 1.169E-07         276  2.317E+01 -2.779E+02
ODB Field Frame Number     19 of     30 requested intervals at  1.816667E-01
   265177  3.333E-02 1.833E-01  00:14:29 1.143E-07         136  7.834E+01 -2.646E+02
ODB Field Frame Number     20 of     30 requested intervals at  1.833334E-01
   279833  3.500E-02 1.850E-01  00:14:42 1.117E-07        1380  4.085E+01 -2.592E+02
ODB Field Frame Number     21 of     30 requested intervals at  1.850001E-01
   294818  3.667E-02 1.867E-01  00:14:55 1.101E-07        1380  3.776E+01 -2.474E+02
ODB Field Frame Number     22 of     30 requested intervals at  1.866668E-01
   310145  3.833E-02 1.883E-01  00:15:08 1.075E-07         136  4.169E+01 -2.412E+02
ODB Field Frame Number     23 of     30 requested intervals at  1.883334E-01
   325821  4.000E-02 1.900E-01  00:15:21 1.037E-07         136  5.552E+01 -2.329E+02
ODB Field Frame Number     24 of     30 requested intervals at  1.900000E-01
   341921  4.167E-02 1.917E-01  00:15:36 9.811E-08          70  5.811E+01 -2.279E+02
ODB Field Frame Number     25 of     30 requested intervals at  1.916667E-01
   358720  4.333E-02 1.933E-01  00:15:51 9.342E-08          70  6.507E+01 -2.194E+02
ODB Field Frame Number     26 of     30 requested intervals at  1.933334E-01
   376823  4.500E-02 1.950E-01  00:16:07 8.485E-08        1427  5.720E+01 -2.130E+02
ODB Field Frame Number     27 of     30 requested intervals at  1.950000E-01
   396890  4.667E-02 1.967E-01  00:16:21 8.098E-08        1427  7.190E+01 -2.032E+02
ODB Field Frame Number     28 of     30 requested intervals at  1.966667E-01
   417994  4.833E-02 1.983E-01  00:16:37 7.438E-08          70  8.265E+01 -1.864E+02
ODB Field Frame Number     29 of     30 requested intervals at  1.983334E-01
   440227  5.000E-02 2.000E-01  00:16:53 7.084E-08          70  9.773E+01 -1.771E+02
Restart Number  1 at 0.20000
ODB Field Frame Number     30 of     30 requested intervals at  2.000000E-01

  THE ANALYSIS HAS COMPLETED SUCCESSFULLY

