Abaqus/Explicit 6.11-3                           DATE 09-Dec-2018  TIME 16:04:46
-------------------------------------------------------------------------------
 PREPROCESSOR WARNING MESSAGES
-------------------------------------------------------------------------------


***WARNING: There are 78 warning messages in the data (.dat) file.  Please
            check the data file for possible errors in the input file.


-------------------------------------------------------------------------------
           DOMAIN DECOMPOSITION INFORMATION
-------------------------------------------------------------------------------


     DOMAIN 1 HAS 756 ELEMENTS AND 1100 NODES with WEIGHTS 44.123.
          There are 620 nodes shared with following domains:
              Domain  2 with 620 nodes

     DOMAIN 2 HAS 1839 ELEMENTS AND 2577 NODES with WEIGHTS 55.877.
          There are 620 nodes shared with following domains:
              Domain  1 with 620 nodes


-------------------------------------------------------------------------------
 MODEL INFORMATION (IN GLOBAL X-Y COORDINATES)
-------------------------------------------------------------------------------

   Total mass in model = 2.88000E-04
   Center of mass of model = (-7.141448E-07, 4.000000E+01, 1.000000E+01)

    Moments of Inertia :
                 About Center of Mass              About Origin
      I(XX)          1.643141E-01                  6.539141E-01
      I(YY)          4.916805E-02                  7.796804E-02
      I(ZZ)          1.932155E-01                  6.540154E-01
      I(XY)          2.194731E-10                  8.446420E-09
      I(YZ)         -8.879159E-09                 -1.152000E-01
      I(ZX)          5.209716E-11                  2.108834E-09

-------------------------------------------------------------------------------
 STABLE TIME INCREMENT INFORMATION
-------------------------------------------------------------------------------


  The stable time increment estimate for each element is based on
  linearization about the initial state.


   Initial time increment = 3.82809E-07

   Statistics for all elements:
      Mean = 3.82806E-07
      Standard deviation = 1.54470E-09

   Most critical elements:
    Element number   Rank    Time increment   Increment ratio
    (Instance name)
   ----------------------------------------------------------
        1267          1       3.828088E-07      1.000000E+00
    MODEL-1
        1269          2       3.828088E-07      1.000000E+00
    MODEL-1
        1290          3       3.828088E-07      1.000000E+00
    MODEL-1
        1292          4       3.828088E-07      1.000000E+00
    MODEL-1
        1313          5       3.828088E-07      1.000000E+00
    MODEL-1
        1315          6       3.828088E-07      1.000000E+00
    MODEL-1
        1336          7       3.828088E-07      1.000000E+00
    MODEL-1
        1338          8       3.828088E-07      1.000000E+00
    MODEL-1
        1244          9       3.828088E-07      1.000000E+00
    MODEL-1
        1246         10       3.828088E-07      1.000000E+00
    MODEL-1


  Instance name for the most critical element will be printed if the critical
  element changes or at the beginning of a new page.



Abaqus/Explicit 6.11-3                           DATE 09-Dec-2018  TIME 16:04:46

The single precision Abaqus/Explicit executable will be used in this analysis.

The model has been decomposed into 2 domains.
Domain level parallelization will be used with 2 processors.

-------------------------------------------------------------------------------
 SOLUTION PROGRESS
-------------------------------------------------------------------------------

 STEP 1  ORIGIN 0.0000

  Total memory used for step 1 is approximately 7.1 megabytes.
  Global time estimation algorithm will be used.
  Scaling factor:  1.0000
  Variable mass scaling factor at zero increment: 1.0000
              STEP     TOTAL       CPU      STABLE    CRITICAL    KINETIC      TOTAL
INCREMENT     TIME      TIME      TIME   INCREMENT     ELEMENT     ENERGY     ENERGY
        0  0.000E+00 0.000E+00  00:00:00 3.828E-07        1244  0.000E+00  0.000E+00
INSTANCE WITH CRITICAL ELEMENT: MODEL-1
ODB Field Frame Number      0 of     20 requested intervals at increment zero.
     5259  2.500E-03 2.500E-03  00:00:04 4.655E-07         761  1.622E+01 -3.384E-01
INSTANCE WITH CRITICAL ELEMENT: MODEL-1
ODB Field Frame Number      1 of     20 requested intervals at  2.500342E-03
    10654  5.000E-03 5.000E-03  00:00:08 4.587E-07         255  2.676E+01  4.928E+00
ODB Field Frame Number      2 of     20 requested intervals at  5.000051E-03
    16159  7.500E-03 7.500E-03  00:00:13 4.491E-07        1359  4.448E+01  2.113E+01
ODB Field Frame Number      3 of     20 requested intervals at  7.500404E-03
    21788  1.000E-02 1.000E-02  00:00:18 4.383E-07         255  2.498E+01  2.860E+01
ODB Field Frame Number      4 of     20 requested intervals at  1.000033E-02
    27573  1.250E-02 1.250E-02  00:00:22 4.262E-07        1243  1.824E+01  4.688E+01
ODB Field Frame Number      5 of     20 requested intervals at  1.250009E-02
    33523  1.500E-02 1.500E-02  00:00:28 4.140E-07        1358  1.680E+01  4.862E+01
ODB Field Frame Number      6 of     20 requested intervals at  1.500009E-02
    39652  1.750E-02 1.750E-02  00:00:33 4.008E-07        1244  1.807E+01  5.181E+01
ODB Field Frame Number      7 of     20 requested intervals at  1.750024E-02
    45980  2.000E-02 2.000E-02  00:00:38 3.908E-07        1359  1.661E+01  5.397E+01
ODB Field Frame Number      8 of     20 requested intervals at  2.000011E-02
    52534  2.250E-02 2.250E-02  00:00:43 3.741E-07         255  1.803E+01  6.250E+01
ODB Field Frame Number      9 of     20 requested intervals at  2.250032E-02
    59322  2.500E-02 2.500E-02  00:00:49 3.616E-07         693  1.874E+01  6.988E+01
ODB Field Frame Number     10 of     20 requested intervals at  2.500018E-02
    66381  2.750E-02 2.750E-02  00:00:55 3.455E-07         693  1.861E+01  7.951E+01
ODB Field Frame Number     11 of     20 requested intervals at  2.750000E-02
    73776  3.000E-02 3.000E-02  00:01:00 3.292E-07         809  1.924E+01  9.667E+01
ODB Field Frame Number     12 of     20 requested intervals at  3.000019E-02
    81461  3.250E-02 3.250E-02  00:01:06 3.200E-07         787  2.040E+01  1.096E+02
ODB Field Frame Number     13 of     20 requested intervals at  3.250012E-02
    89407  3.500E-02 3.500E-02  00:01:12 3.081E-07         695  2.069E+01  1.130E+02
ODB Field Frame Number     14 of     20 requested intervals at  3.500003E-02
    97673  3.750E-02 3.750E-02  00:01:19 2.965E-07         694  2.290E+01  1.348E+02
ODB Field Frame Number     15 of     20 requested intervals at  3.750025E-02
   106315  4.000E-02 4.000E-02  00:01:26 2.825E-07         809  2.416E+01  1.467E+02
ODB Field Frame Number     16 of     20 requested intervals at  4.000025E-02
   115414  4.250E-02 4.250E-02  00:01:34 2.683E-07         810  2.571E+01  1.483E+02
ODB Field Frame Number     17 of     20 requested intervals at  4.250026E-02
   124930  4.500E-02 4.500E-02  00:01:42 2.570E-07         696  2.884E+01  1.613E+02
ODB Field Frame Number     18 of     20 requested intervals at  4.500012E-02
   134874  4.750E-02 4.750E-02  00:01:50 2.463E-07         811  2.585E+01  1.691E+02
ODB Field Frame Number     19 of     20 requested intervals at  4.750002E-02
   145247  5.000E-02 5.000E-02  00:01:59 2.361E-07         696  2.921E+01  1.858E+02
Restart Number  1 at 5.00000E-02
ODB Field Frame Number     20 of     20 requested intervals at  5.000000E-02

***WARNING: Jumps in displacement boundary conditions have been detected at
            the beginning of step 2.  The maximum jump is 27.996 at node 201
            of instance UPPER-1.  The node set "WarnNodeDispBCJump" has been
            written to the .odb file for display in Abaqus/Viewer.  Check the
            .msg file for more detailed information.


***NOTE: Displacement boundary conditions with prescribed jumps will be
         enforced as defined, minus the value of the jump. The jumps might be
         caused by:
            1) A discontinuous *BOUNDARY, TYPE=DISPLACEMENT definition.
            2) Initial contact adjustments at the beginning of the first
               step.
            3) Locating the rigid body reference node with the POSITION=CENTER
               OF MASS parameter.
            4) Use of an amplitude curve to prescribe the boundary conditions
               in an analysis with a large number of increments; precision
               error may cause a small drift from the prescribed displacement.


Abaqus/Explicit 6.11-3                           DATE 09-Dec-2018  TIME 16:07:32

 STEP 2  ORIGIN 5.00000E-02

  Total memory used for step 2 is approximately 8.2 megabytes.
  Global time estimation algorithm will be used.
  Scaling factor:  1.0000
  Variable mass scaling factor at zero increment: 1.0000
              STEP     TOTAL       CPU      STABLE    CRITICAL    KINETIC      TOTAL
INCREMENT     TIME      TIME      TIME   INCREMENT     ELEMENT     ENERGY     ENERGY
        0  0.000E+00 5.000E-02  00:01:59 2.036E-07         696  2.921E+01  1.623E+02
INSTANCE WITH CRITICAL ELEMENT: MODEL-1
ODB Field Frame Number      0 of     20 requested intervals at increment zero.

***WARNING: THE ANALYSIS MAY NEED A LARGE NUMBER OF INCREMENTS (MORE THAN
            300000), AND IT MAY BE AFFECTED BY ROUND-OFF ERRORS. RUNNING THE
            DOUBLE PRECISION EXECUTABLE IS RECOMMENDED.

    10734  2.500E-03 5.250E-02  00:02:07 2.329E-07         696  1.406E+01  2.056E+02
INSTANCE WITH CRITICAL ELEMENT: MODEL-1
ODB Field Frame Number      1 of     20 requested intervals at  5.250016E-02
    21471  5.000E-03 5.500E-02  00:02:16 2.329E-07         696  1.706E+01  2.460E+02
ODB Field Frame Number      2 of     20 requested intervals at  5.500006E-02
    32209  7.500E-03 5.750E-02  00:02:25 2.328E-07         696  1.958E+01  2.678E+02
ODB Field Frame Number      3 of     20 requested intervals at  5.750020E-02
    42946  1.000E-02 6.000E-02  00:02:33 2.325E-07         696  2.231E+01  2.711E+02
ODB Field Frame Number      4 of     20 requested intervals at  6.000010E-02
    53720  1.250E-02 6.250E-02  00:02:42 2.312E-07         696  2.327E+01  3.047E+02
ODB Field Frame Number      5 of     20 requested intervals at  6.250019E-02
    64574  1.500E-02 6.500E-02  00:02:51 2.296E-07         788  2.550E+01  3.075E+02
ODB Field Frame Number      6 of     20 requested intervals at  6.500003E-02
    75515  1.750E-02 6.750E-02  00:03:00 2.271E-07        1472  2.703E+01  3.572E+02
ODB Field Frame Number      7 of     20 requested intervals at  6.750022E-02
    86614  2.000E-02 7.000E-02  00:03:09 2.212E-07          69  2.845E+01  4.031E+02
ODB Field Frame Number      8 of     20 requested intervals at  7.000013E-02
    98157  2.250E-02 7.250E-02  00:03:17 2.087E-07          69  2.896E+01  4.924E+02
ODB Field Frame Number      9 of     20 requested intervals at  7.250007E-02
   110292  2.500E-02 7.500E-02  00:03:27 2.029E-07          92  3.453E+01  7.168E+02
ODB Field Frame Number     10 of     20 requested intervals at  7.500011E-02
   123066  2.750E-02 7.750E-02  00:03:37 1.898E-07        1472  3.184E+01  1.038E+03
ODB Field Frame Number     11 of     20 requested intervals at  7.750010E-02
   136672  3.000E-02 8.000E-02  00:03:48 1.808E-07         115  3.426E+01  1.322E+03
ODB Field Frame Number     12 of     20 requested intervals at  8.000017E-02
   151131  3.250E-02 8.250E-02  00:03:59 1.700E-07         115  3.653E+01  1.518E+03
ODB Field Frame Number     13 of     20 requested intervals at  8.250003E-02

***WARNING: THE ANALYSIS REACHED A LARGE NUMBER OF INCREMENTS (300000), AND IT
            MAY BE AFFECTED BY ROUND-OFF ERRORS. RUNNING THE DOUBLE PRECISION
            EXECUTABLE IS RECOMMENDED.

   166471  3.500E-02 8.500E-02  00:04:11 1.605E-07        1472  3.891E+01  1.630E+03
ODB Field Frame Number     14 of     20 requested intervals at  8.500011E-02
   182702  3.750E-02 8.750E-02  00:04:23 1.515E-07         115  3.994E+01  1.688E+03
ODB Field Frame Number     15 of     20 requested intervals at  8.750014E-02
   200953  4.000E-02 9.000E-02  00:04:36 1.201E-07        1472  4.738E+01  1.799E+03
ODB Field Frame Number     16 of     20 requested intervals at  9.000011E-02
   223082  4.250E-02 9.250E-02  00:04:52 1.095E-07          69  6.667E+01  1.932E+03
ODB Field Frame Number     17 of     20 requested intervals at  9.250006E-02
   246342  4.500E-02 9.500E-02  00:05:08 1.033E-07          69  7.108E+01  2.056E+03
ODB Field Frame Number     18 of     20 requested intervals at  9.500010E-02
   270741  4.750E-02 9.750E-02  00:05:24 9.901E-08          69  7.044E+01  2.168E+03
ODB Field Frame Number     19 of     20 requested intervals at  9.750008E-02
   296246  5.000E-02 1.000E-01  00:05:41 9.470E-08         823  7.705E+01  2.258E+03
Restart Number  1 at 0.10000
ODB Field Frame Number     20 of     20 requested intervals at  1.000000E-01

***WARNING: Jumps in displacement boundary conditions have been detected at
            the beginning of step 3.  The maximum jump is 28.004 at node 200
            of instance LOWER-1.  The node set "WarnNodeDispBCJump" has been
            written to the .odb file for display in Abaqus/Viewer.  Check the
            .msg file for more detailed information.


***NOTE: Displacement boundary conditions with prescribed jumps will be
         enforced as defined, minus the value of the jump. The jumps might be
         caused by:
            1) A discontinuous *BOUNDARY, TYPE=DISPLACEMENT definition.
            2) Initial contact adjustments at the beginning of the first
               step.
            3) Locating the rigid body reference node with the POSITION=CENTER
               OF MASS parameter.
            4) Use of an amplitude curve to prescribe the boundary conditions
               in an analysis with a large number of increments; precision
               error may cause a small drift from the prescribed displacement.


Abaqus/Explicit 6.11-3                           DATE 09-Dec-2018  TIME 16:12:40

 STEP 3  ORIGIN 0.10000

  Total memory used for step 3 is approximately 7.9 megabytes.
  Global time estimation algorithm will be used.
  Scaling factor:  1.0000
  Variable mass scaling factor at zero increment: 1.0000
              STEP     TOTAL       CPU      STABLE    CRITICAL    KINETIC      TOTAL
INCREMENT     TIME      TIME      TIME   INCREMENT     ELEMENT     ENERGY     ENERGY
        0  0.000E+00 1.000E-01  00:05:41 9.470E-08         823  7.705E+01  2.250E+03
INSTANCE WITH CRITICAL ELEMENT: MODEL-1
ODB Field Frame Number      0 of     20 requested intervals at increment zero.
    22579  2.500E-03 1.025E-01  00:05:55 1.103E-07         824  1.121E+01  1.890E+03
INSTANCE WITH CRITICAL ELEMENT: MODEL-1
ODB Field Frame Number      1 of     20 requested intervals at  1.025001E-01
    45214  5.000E-03 1.050E-01  00:06:09 1.102E-07         824  4.446E+00  1.885E+03
ODB Field Frame Number      2 of     20 requested intervals at  1.050000E-01
    67866  7.500E-03 1.075E-01  00:06:23 1.102E-07         824  6.322E+00  1.883E+03
ODB Field Frame Number      3 of     20 requested intervals at  1.075001E-01
    90599  1.000E-02 1.100E-01  00:06:37 1.102E-07         824  5.727E+00  1.878E+03
ODB Field Frame Number      4 of     20 requested intervals at  1.100000E-01
   113341  1.250E-02 1.125E-01  00:06:52 1.102E-07         824  3.147E+00  1.877E+03
ODB Field Frame Number      5 of     20 requested intervals at  1.125001E-01
   136088  1.500E-02 1.150E-01  00:07:06 1.102E-07         824  4.010E+00  1.873E+03
ODB Field Frame Number      6 of     20 requested intervals at  1.150000E-01
   158837  1.750E-02 1.175E-01  00:07:21 1.102E-07         824  2.786E+00  1.870E+03
ODB Field Frame Number      7 of     20 requested intervals at  1.175001E-01
   181586  2.000E-02 1.200E-01  00:07:36 1.102E-07         824  2.999E+00  1.869E+03
ODB Field Frame Number      8 of     20 requested intervals at  1.200001E-01
   204334  2.250E-02 1.225E-01  00:07:51 1.102E-07         824  2.122E+00  1.866E+03
ODB Field Frame Number      9 of     20 requested intervals at  1.225000E-01
   227078  2.500E-02 1.250E-01  00:08:07 1.103E-07         824  2.129E+01  1.864E+03
ODB Field Frame Number     10 of     20 requested intervals at  1.250001E-01
   249806  2.750E-02 1.275E-01  00:08:24 1.104E-07         824  2.632E+00  1.862E+03
ODB Field Frame Number     11 of     20 requested intervals at  1.275001E-01
   272512  3.000E-02 1.300E-01  00:08:42 1.116E-07         823  4.604E+00  1.860E+03
ODB Field Frame Number     12 of     20 requested intervals at  1.300001E-01
   295039  3.250E-02 1.325E-01  00:08:59 1.107E-07         824  3.631E+00  1.857E+03
ODB Field Frame Number     13 of     20 requested intervals at  1.325001E-01
   317403  3.500E-02 1.350E-01  00:09:17 1.110E-07         824  3.121E+00  1.856E+03
ODB Field Frame Number     14 of     20 requested intervals at  1.350000E-01
   339763  3.750E-02 1.375E-01  00:09:33 1.134E-07         709  5.620E+00  1.855E+03
ODB Field Frame Number     15 of     20 requested intervals at  1.375001E-01
   362085  4.000E-02 1.400E-01  00:09:54 1.119E-07         824  7.602E+00  1.857E+03
ODB Field Frame Number     16 of     20 requested intervals at  1.400000E-01
   384363  4.250E-02 1.425E-01  00:10:14 1.125E-07         824  4.904E+00  1.851E+03
ODB Field Frame Number     17 of     20 requested intervals at  1.425001E-01
   406626  4.500E-02 1.450E-01  00:10:35 1.131E-07         709  8.970E+00  1.845E+03
ODB Field Frame Number     18 of     20 requested intervals at  1.450001E-01
   428926  4.750E-02 1.475E-01  00:10:56 1.124E-07         824  6.537E+00  1.843E+03
ODB Field Frame Number     19 of     20 requested intervals at  1.475001E-01
   451104  5.000E-02 1.500E-01  00:11:18 1.132E-07         824  5.986E+00  1.838E+03
Restart Number  1 at 0.15000
ODB Field Frame Number     20 of     20 requested intervals at  1.500000E-01

***WARNING: Jumps in displacement boundary conditions have been detected at
            the beginning of step 4.  The maximum jump is 28.004 at node 200
            of instance LOWER-1.  The node set "WarnNodeDispBCJump" has been
            written to the .odb file for display in Abaqus/Viewer.  Check the
            .msg file for more detailed information.


***NOTE: Displacement boundary conditions with prescribed jumps will be
         enforced as defined, minus the value of the jump. The jumps might be
         caused by:
            1) A discontinuous *BOUNDARY, TYPE=DISPLACEMENT definition.
            2) Initial contact adjustments at the beginning of the first
               step.
            3) Locating the rigid body reference node with the POSITION=CENTER
               OF MASS parameter.
            4) Use of an amplitude curve to prescribe the boundary conditions
               in an analysis with a large number of increments; precision
               error may cause a small drift from the prescribed displacement.


Abaqus/Explicit 6.11-3                           DATE 09-Dec-2018  TIME 16:20:53

 STEP 4  ORIGIN 0.15000

  Total memory used for step 4 is approximately 7.9 megabytes.
  Global time estimation algorithm will be used.
  Scaling factor:  1.0000
  Variable mass scaling factor at zero increment: 1.0000
              STEP     TOTAL       CPU      STABLE    CRITICAL    KINETIC      TOTAL
INCREMENT     TIME      TIME      TIME   INCREMENT     ELEMENT     ENERGY     ENERGY
        0  0.000E+00 1.500E-01  00:11:18 9.741E-08         824  5.986E+00  1.838E+03
INSTANCE WITH CRITICAL ELEMENT: MODEL-1
ODB Field Frame Number      0 of     30 requested intervals at increment zero.
    14725  1.667E-03 1.517E-01  00:11:32 1.132E-07         824  2.029E+00  1.844E+03
INSTANCE WITH CRITICAL ELEMENT: MODEL-1
ODB Field Frame Number      1 of     30 requested intervals at  1.516667E-01
    29454  3.333E-03 1.533E-01  00:11:46 1.131E-07         824  2.201E+00  1.858E+03
ODB Field Frame Number      2 of     30 requested intervals at  1.533334E-01
    44183  5.000E-03 1.550E-01  00:11:56 1.131E-07         824  4.165E+00  1.859E+03
ODB Field Frame Number      3 of     30 requested intervals at  1.550001E-01
    58912  6.667E-03 1.567E-01  00:12:06 1.131E-07         824  2.222E+00  1.859E+03
ODB Field Frame Number      4 of     30 requested intervals at  1.566667E-01
    73658  8.333E-03 1.583E-01  00:12:16 1.131E-07         824  2.797E+00  1.852E+03
ODB Field Frame Number      5 of     30 requested intervals at  1.583335E-01
    88368  1.000E-02 1.600E-01  00:12:26 1.127E-07         824  3.822E+00  1.853E+03
ODB Field Frame Number      6 of     30 requested intervals at  1.600001E-01
   103118  1.167E-02 1.617E-01  00:12:36 1.143E-07         824  5.323E+00  1.852E+03
ODB Field Frame Number      7 of     30 requested intervals at  1.616668E-01
   117856  1.333E-02 1.633E-01  00:12:46 1.155E-07         823  3.086E+00  1.852E+03
ODB Field Frame Number      8 of     30 requested intervals at  1.633334E-01
   132554  1.500E-02 1.650E-01  00:12:55 1.132E-07         824  3.738E+00  1.851E+03
ODB Field Frame Number      9 of     30 requested intervals at  1.650001E-01
   147163  1.667E-02 1.667E-01  00:13:05 1.148E-07         709  8.697E+00  1.850E+03
ODB Field Frame Number     10 of     30 requested intervals at  1.666667E-01
   161793  1.833E-02 1.683E-01  00:13:15 1.136E-07         824  7.561E+00  1.853E+03
ODB Field Frame Number     11 of     30 requested intervals at  1.683334E-01
   176448  2.000E-02 1.700E-01  00:13:25 1.136E-07          69  1.383E+01  1.852E+03
ODB Field Frame Number     12 of     30 requested intervals at  1.700001E-01
   191148  2.167E-02 1.717E-01  00:13:35 1.128E-07          69  1.240E+01  1.854E+03
ODB Field Frame Number     13 of     30 requested intervals at  1.716668E-01
   206107  2.333E-02 1.733E-01  00:13:45 1.123E-07          69  9.850E+00  1.857E+03
ODB Field Frame Number     14 of     30 requested intervals at  1.733334E-01
   221329  2.500E-02 1.750E-01  00:13:55 1.069E-07         276  1.596E+01  1.856E+03
ODB Field Frame Number     15 of     30 requested intervals at  1.750000E-01
   236939  2.667E-02 1.767E-01  00:14:06 1.067E-07         276  1.603E+01  1.857E+03
ODB Field Frame Number     16 of     30 requested intervals at  1.766667E-01
   252791  2.833E-02 1.783E-01  00:14:18 1.039E-07         276  1.332E+01  1.871E+03
ODB Field Frame Number     17 of     30 requested intervals at  1.783334E-01
   268941  3.000E-02 1.800E-01  00:14:31 9.965E-08         276  2.172E+01  1.884E+03
ODB Field Frame Number     18 of     30 requested intervals at  1.800001E-01
   285630  3.167E-02 1.817E-01  00:14:45 1.024E-07         707  2.408E+01  1.959E+03
ODB Field Frame Number     19 of     30 requested intervals at  1.816667E-01
   303041  3.333E-02 1.833E-01  00:14:59 9.165E-08         276  2.729E+01  2.057E+03
ODB Field Frame Number     20 of     30 requested intervals at  1.833334E-01
   321167  3.500E-02 1.850E-01  00:15:15 8.873E-08         709  3.342E+01  2.164E+03
ODB Field Frame Number     21 of     30 requested intervals at  1.850001E-01
   340366  3.667E-02 1.867E-01  00:15:31 8.372E-08         823  3.855E+01  2.292E+03
ODB Field Frame Number     22 of     30 requested intervals at  1.866667E-01
   360386  3.833E-02 1.883E-01  00:15:48 7.982E-08         708  3.814E+01  2.402E+03
ODB Field Frame Number     23 of     30 requested intervals at  1.883333E-01
   381226  4.000E-02 1.900E-01  00:16:05 7.799E-08         822  4.410E+01  2.534E+03
ODB Field Frame Number     24 of     30 requested intervals at  1.900001E-01
   402991  4.167E-02 1.917E-01  00:16:23 7.597E-08         707  3.624E+01  2.612E+03
ODB Field Frame Number     25 of     30 requested intervals at  1.916667E-01
   425673  4.333E-02 1.933E-01  00:16:41 7.101E-08         823  5.774E+01  2.756E+03
ODB Field Frame Number     26 of     30 requested intervals at  1.933334E-01
   449217  4.500E-02 1.950E-01  00:17:00 6.772E-08         707  5.297E+01  2.911E+03
ODB Field Frame Number     27 of     30 requested intervals at  1.950001E-01
   473695  4.667E-02 1.967E-01  00:17:19 6.635E-08         822  8.374E+01  3.043E+03
ODB Field Frame Number     28 of     30 requested intervals at  1.966667E-01
   498601  4.833E-02 1.983E-01  00:17:40 6.727E-08         707  3.154E+01  3.160E+03
ODB Field Frame Number     29 of     30 requested intervals at  1.983334E-01
   523966  5.000E-02 2.000E-01  00:18:01 6.664E-08         823  3.655E+01  3.265E+03
Restart Number  1 at 0.20000
ODB Field Frame Number     30 of     30 requested intervals at  2.000000E-01

  THE ANALYSIS HAS COMPLETED SUCCESSFULLY

