Abaqus/Explicit 6.11-3                           DATE 09-Dec-2018  TIME 19:25:58
-------------------------------------------------------------------------------
 PREPROCESSOR WARNING MESSAGES
-------------------------------------------------------------------------------


***WARNING: There are 78 warning messages in the data (.dat) file.  Please
            check the data file for possible errors in the input file.


-------------------------------------------------------------------------------
           DOMAIN DECOMPOSITION INFORMATION
-------------------------------------------------------------------------------


     DOMAIN 1 HAS 756 ELEMENTS AND 1100 NODES with WEIGHTS 43.967.
          There are 620 nodes shared with following domains:
              Domain  2 with 620 nodes

     DOMAIN 2 HAS 1885 ELEMENTS AND 2623 NODES with WEIGHTS 56.033.
          There are 620 nodes shared with following domains:
              Domain  1 with 620 nodes


-------------------------------------------------------------------------------
 MODEL INFORMATION (IN GLOBAL X-Y COORDINATES)
-------------------------------------------------------------------------------

   Total mass in model = 2.88000E-04
   Center of mass of model = ( 5.682861E-07, 4.000000E+01, 1.000000E+01)

    Moments of Inertia :
                 About Center of Mass              About Origin
      I(XX)          1.643141E-01                  6.539141E-01
      I(YY)          4.916804E-02                  7.796804E-02
      I(ZZ)          1.932154E-01                  6.540154E-01
      I(XY)         -1.579115E-10                 -6.704568E-09
      I(YZ)         -2.174886E-09                 -1.152000E-01
      I(ZX)         -1.426783E-11                 -1.650932E-09

-------------------------------------------------------------------------------
 STABLE TIME INCREMENT INFORMATION
-------------------------------------------------------------------------------


  The stable time increment estimate for each element is based on
  linearization about the initial state.


   Initial time increment = 3.82809E-07

   Statistics for all elements:
      Mean = 3.82806E-07
      Standard deviation = 1.54470E-09

   Most critical elements:
    Element number   Rank    Time increment   Increment ratio
    (Instance name)
   ----------------------------------------------------------
         163          1       3.828088E-07      1.000000E+00
    MODEL-1
         165          2       3.828088E-07      1.000000E+00
    MODEL-1
         186          3       3.828088E-07      1.000000E+00
    MODEL-1
         188          4       3.828088E-07      1.000000E+00
    MODEL-1
         209          5       3.828088E-07      1.000000E+00
    MODEL-1
         211          6       3.828088E-07      1.000000E+00
    MODEL-1
         232          7       3.828088E-07      1.000000E+00
    MODEL-1
         234          8       3.828088E-07      1.000000E+00
    MODEL-1
         140          9       3.828088E-07      1.000000E+00
    MODEL-1
         142         10       3.828088E-07      1.000000E+00
    MODEL-1


  Instance name for the most critical element will be printed if the critical
  element changes or at the beginning of a new page.



Abaqus/Explicit 6.11-3                           DATE 09-Dec-2018  TIME 19:25:58

The single precision Abaqus/Explicit executable will be used in this analysis.

The model has been decomposed into 2 domains.
Domain level parallelization will be used with 2 processors.

-------------------------------------------------------------------------------
 SOLUTION PROGRESS
-------------------------------------------------------------------------------

 STEP 1  ORIGIN 0.0000

  Total memory used for step 1 is approximately 7.1 megabytes.
  Global time estimation algorithm will be used.
  Scaling factor:  1.0000
  Variable mass scaling factor at zero increment: 1.0000
              STEP     TOTAL       CPU      STABLE    CRITICAL    KINETIC      TOTAL
INCREMENT     TIME      TIME      TIME   INCREMENT     ELEMENT     ENERGY     ENERGY
        0  0.000E+00 0.000E+00  00:00:00 3.828E-07         140  0.000E+00  0.000E+00
INSTANCE WITH CRITICAL ELEMENT: MODEL-1
ODB Field Frame Number      0 of     20 requested intervals at increment zero.
     5243  2.500E-03 2.500E-03  00:00:04 4.598E-07         714  1.276E+01 -8.664E-01
INSTANCE WITH CRITICAL ELEMENT: MODEL-1
ODB Field Frame Number      1 of     20 requested intervals at  2.500295E-03
    10711  5.000E-03 5.000E-03  00:00:08 4.526E-07         255  2.283E+01  2.377E+00
ODB Field Frame Number      2 of     20 requested intervals at  5.000229E-03
    16282  7.500E-03 7.500E-03  00:00:12 4.433E-07         255  2.971E+01  6.074E+00
ODB Field Frame Number      3 of     20 requested intervals at  7.500034E-03
    21965  1.000E-02 1.000E-02  00:00:17 4.386E-07        1381  1.602E+01 -1.391E+01
ODB Field Frame Number      4 of     20 requested intervals at  1.000014E-02
    27771  1.250E-02 1.250E-02  00:00:22 4.221E-07        1358  1.716E+01 -3.896E+01
ODB Field Frame Number      5 of     20 requested intervals at  1.250024E-02
    33767  1.500E-02 1.500E-02  00:00:27 4.104E-07        1358  1.761E+01 -3.931E+01
ODB Field Frame Number      6 of     20 requested intervals at  1.500039E-02
    39904  1.750E-02 1.750E-02  00:00:32 3.979E-07         139  1.692E+01 -3.908E+01
ODB Field Frame Number      7 of     20 requested intervals at  1.750028E-02
    46271  2.000E-02 2.000E-02  00:00:38 3.850E-07         139  1.622E+01 -4.057E+01
ODB Field Frame Number      8 of     20 requested intervals at  2.000007E-02
    52848  2.250E-02 2.250E-02  00:00:43 3.782E-07        1243  1.735E+01 -4.147E+01
ODB Field Frame Number      9 of     20 requested intervals at  2.250023E-02
    59666  2.500E-02 2.500E-02  00:00:49 3.599E-07         254  1.789E+01 -4.212E+01
ODB Field Frame Number     10 of     20 requested intervals at  2.500005E-02
    66705  2.750E-02 2.750E-02  00:00:55 3.503E-07         254  1.752E+01 -4.198E+01
ODB Field Frame Number     11 of     20 requested intervals at  2.750008E-02
    74011  3.000E-02 3.000E-02  00:01:01 3.334E-07         810  1.832E+01 -4.160E+01
ODB Field Frame Number     12 of     20 requested intervals at  3.000024E-02
    81666  3.250E-02 3.250E-02  00:01:07 3.203E-07         718  1.869E+01 -4.073E+01
ODB Field Frame Number     13 of     20 requested intervals at  3.250032E-02
    89593  3.500E-02 3.500E-02  00:01:13 3.152E-07         925  2.076E+01 -3.967E+01
ODB Field Frame Number     14 of     20 requested intervals at  3.500010E-02
    97789  3.750E-02 3.750E-02  00:01:20 2.989E-07         695  2.146E+01 -3.823E+01
ODB Field Frame Number     15 of     20 requested intervals at  3.750014E-02
   106269  4.000E-02 4.000E-02  00:01:27 2.889E-07         810  2.262E+01 -3.607E+01
ODB Field Frame Number     16 of     20 requested intervals at  4.000013E-02
   115106  4.250E-02 4.250E-02  00:01:34 2.755E-07         696  2.466E+01 -3.391E+01
ODB Field Frame Number     17 of     20 requested intervals at  4.250024E-02
   124329  4.500E-02 4.500E-02  00:01:42 2.658E-07         695  2.473E+01 -3.163E+01
ODB Field Frame Number     18 of     20 requested intervals at  4.500011E-02
   133959  4.750E-02 4.750E-02  00:01:50 2.543E-07         695  2.747E+01 -2.909E+01
ODB Field Frame Number     19 of     20 requested intervals at  4.750007E-02
   143984  5.000E-02 5.000E-02  00:01:58 2.438E-07         789  2.778E+01 -2.771E+01
Restart Number  1 at 5.00000E-02
ODB Field Frame Number     20 of     20 requested intervals at  5.000000E-02

***WARNING: Jumps in displacement boundary conditions have been detected at
            the beginning of step 2.  The maximum jump is 28.002 at node 219
            of instance UPPER-1.  The node set "WarnNodeDispBCJump" has been
            written to the .odb file for display in Abaqus/Viewer.  Check the
            .msg file for more detailed information.


***NOTE: Displacement boundary conditions with prescribed jumps will be
         enforced as defined, minus the value of the jump. The jumps might be
         caused by:
            1) A discontinuous *BOUNDARY, TYPE=DISPLACEMENT definition.
            2) Initial contact adjustments at the beginning of the first
               step.
            3) Locating the rigid body reference node with the POSITION=CENTER
               OF MASS parameter.
            4) Use of an amplitude curve to prescribe the boundary conditions
               in an analysis with a large number of increments; precision
               error may cause a small drift from the prescribed displacement.


Abaqus/Explicit 6.11-3                           DATE 09-Dec-2018  TIME 19:28:43

 STEP 2  ORIGIN 5.00000E-02

  Total memory used for step 2 is approximately 8.3 megabytes.
  Global time estimation algorithm will be used.
  Scaling factor:  1.0000
  Variable mass scaling factor at zero increment: 1.0000
              STEP     TOTAL       CPU      STABLE    CRITICAL    KINETIC      TOTAL
INCREMENT     TIME      TIME      TIME   INCREMENT     ELEMENT     ENERGY     ENERGY
        0  0.000E+00 5.000E-02  00:01:59 2.106E-07         789  2.778E+01 -4.321E+01
INSTANCE WITH CRITICAL ELEMENT: MODEL-1
ODB Field Frame Number      0 of     20 requested intervals at increment zero.

***WARNING: THE ANALYSIS MAY NEED A LARGE NUMBER OF INCREMENTS (MORE THAN
            300000), AND IT MAY BE AFFECTED BY ROUND-OFF ERRORS. RUNNING THE
            DOUBLE PRECISION EXECUTABLE IS RECOMMENDED.

    10348  2.500E-03 5.250E-02  00:02:07 2.416E-07         789  1.459E+01 -4.426E+01
INSTANCE WITH CRITICAL ELEMENT: MODEL-1
ODB Field Frame Number      1 of     20 requested intervals at  5.250012E-02
    20692  5.000E-03 5.500E-02  00:02:15 2.416E-07         789  1.655E+01 -4.179E+01
ODB Field Frame Number      2 of     20 requested intervals at  5.500004E-02
    31037  7.500E-03 5.750E-02  00:02:24 2.415E-07         789  1.775E+01 -3.918E+01
ODB Field Frame Number      3 of     20 requested intervals at  5.750020E-02
    41401  1.000E-02 6.000E-02  00:02:32 2.409E-07         789  2.092E+01 -3.526E+01
ODB Field Frame Number      4 of     20 requested intervals at  6.000021E-02
    51813  1.250E-02 6.250E-02  00:02:41 2.396E-07         720  2.328E+01 -3.109E+01
ODB Field Frame Number      5 of     20 requested intervals at  6.250017E-02
    62288  1.500E-02 6.500E-02  00:02:50 2.378E-07         744  2.591E+01 -2.444E+01
ODB Field Frame Number      6 of     20 requested intervals at  6.500021E-02
    72846  1.750E-02 6.750E-02  00:02:59 2.363E-07         720  2.564E+01 -1.934E+01
ODB Field Frame Number      7 of     20 requested intervals at  6.750022E-02
    83521  2.000E-02 7.000E-02  00:03:07 2.313E-07         744  2.681E+01 -1.399E+01
ODB Field Frame Number      8 of     20 requested intervals at  7.000022E-02
    94546  2.250E-02 7.250E-02  00:03:16 2.234E-07        1288  2.590E+01 -7.270E+00
ODB Field Frame Number      9 of     20 requested intervals at  7.250008E-02
   106219  2.500E-02 7.500E-02  00:03:25 2.048E-07         184  2.891E+01 -3.091E+00
ODB Field Frame Number     10 of     20 requested intervals at  7.500015E-02
   118732  2.750E-02 7.750E-02  00:03:35 1.889E-07        1334  2.919E+01  1.484E+00
ODB Field Frame Number     11 of     20 requested intervals at  7.750002E-02
   131981  3.000E-02 8.000E-02  00:03:46 1.780E-07        1334  3.347E+01  1.619E+01
ODB Field Frame Number     12 of     20 requested intervals at  8.000015E-02
   146521  3.250E-02 8.250E-02  00:03:57 1.662E-07        1334  3.558E+01  4.430E+01
ODB Field Frame Number     13 of     20 requested intervals at  8.250013E-02

***WARNING: THE ANALYSIS REACHED A LARGE NUMBER OF INCREMENTS (300000), AND IT
            MAY BE AFFECTED BY ROUND-OFF ERRORS. RUNNING THE DOUBLE PRECISION
            EXECUTABLE IS RECOMMENDED.

   162036  3.500E-02 8.500E-02  00:04:10 1.567E-07        1334  5.546E+01  7.894E+01
ODB Field Frame Number     14 of     20 requested intervals at  8.500009E-02
   178409  3.750E-02 8.750E-02  00:04:23 1.487E-07        1334  4.303E+01  1.163E+02
ODB Field Frame Number     15 of     20 requested intervals at  8.750012E-02
   195687  4.000E-02 9.000E-02  00:04:37 1.411E-07        1334  5.145E+01  1.657E+02
ODB Field Frame Number     16 of     20 requested intervals at  9.000008E-02
   213893  4.250E-02 9.250E-02  00:04:50 1.340E-07        1334  5.319E+01  3.034E+02
ODB Field Frame Number     17 of     20 requested intervals at  9.250006E-02
   233070  4.500E-02 9.500E-02  00:05:05 1.269E-07        1334  5.381E+01  4.495E+02
ODB Field Frame Number     18 of     20 requested intervals at  9.500006E-02
   253249  4.750E-02 9.750E-02  00:05:20 1.208E-07        1334  3.611E+01  6.841E+02
ODB Field Frame Number     19 of     20 requested intervals at  9.750006E-02
   274256  5.000E-02 1.000E-01  00:05:36 1.172E-07        1334  4.556E+01  1.415E+03
Restart Number  1 at 0.10000
ODB Field Frame Number     20 of     20 requested intervals at  1.000000E-01

***WARNING: Jumps in displacement boundary conditions have been detected at
            the beginning of step 3.  The maximum jump is 28.004 at node 228
            of instance LOWER-1.  The node set "WarnNodeDispBCJump" has been
            written to the .odb file for display in Abaqus/Viewer.  Check the
            .msg file for more detailed information.


***NOTE: Displacement boundary conditions with prescribed jumps will be
         enforced as defined, minus the value of the jump. The jumps might be
         caused by:
            1) A discontinuous *BOUNDARY, TYPE=DISPLACEMENT definition.
            2) Initial contact adjustments at the beginning of the first
               step.
            3) Locating the rigid body reference node with the POSITION=CENTER
               OF MASS parameter.
            4) Use of an amplitude curve to prescribe the boundary conditions
               in an analysis with a large number of increments; precision
               error may cause a small drift from the prescribed displacement.


Abaqus/Explicit 6.11-3                           DATE 09-Dec-2018  TIME 19:33:41

 STEP 3  ORIGIN 0.10000

  Total memory used for step 3 is approximately 8.0 megabytes.
  Global time estimation algorithm will be used.
  Scaling factor:  1.0000
  Variable mass scaling factor at zero increment: 1.0000
              STEP     TOTAL       CPU      STABLE    CRITICAL    KINETIC      TOTAL
INCREMENT     TIME      TIME      TIME   INCREMENT     ELEMENT     ENERGY     ENERGY
        0  0.000E+00 1.000E-01  00:05:36 9.777E-08        1334  4.556E+01  1.411E+03
INSTANCE WITH CRITICAL ELEMENT: MODEL-1
ODB Field Frame Number      0 of     20 requested intervals at increment zero.
    21531  2.500E-03 1.025E-01  00:05:49 1.157E-07         708  8.594E+01  1.002E+03
INSTANCE WITH CRITICAL ELEMENT: MODEL-1
ODB Field Frame Number      1 of     20 requested intervals at  1.025001E-01
    43154  5.000E-03 1.050E-01  00:06:02 1.157E-07         708  1.219E+01  1.001E+03
ODB Field Frame Number      2 of     20 requested intervals at  1.050000E-01
    64801  7.500E-03 1.075E-01  00:06:16 1.156E-07         708  1.105E+01  9.993E+02
ODB Field Frame Number      3 of     20 requested intervals at  1.075001E-01
    86446  1.000E-02 1.100E-01  00:06:29 1.157E-07         708  2.105E+00  9.978E+02
ODB Field Frame Number      4 of     20 requested intervals at  1.100001E-01
   108094  1.250E-02 1.125E-01  00:06:43 1.157E-07         708  2.038E+00  9.950E+02
ODB Field Frame Number      5 of     20 requested intervals at  1.125001E-01
   129742  1.500E-02 1.150E-01  00:06:57 1.157E-07         708  2.423E+00  9.928E+02
ODB Field Frame Number      6 of     20 requested intervals at  1.150001E-01
   151390  1.750E-02 1.175E-01  00:07:12 1.157E-07         708  3.034E+00  9.940E+02
ODB Field Frame Number      7 of     20 requested intervals at  1.175001E-01
   173038  2.000E-02 1.200E-01  00:07:27 1.157E-07         708  1.898E+00  9.909E+02
ODB Field Frame Number      8 of     20 requested intervals at  1.200001E-01
   194686  2.250E-02 1.225E-01  00:07:41 1.157E-07         708  6.219E+00  9.903E+02
ODB Field Frame Number      9 of     20 requested intervals at  1.225001E-01
   216334  2.500E-02 1.250E-01  00:07:56 1.157E-07         708  2.634E+00  9.878E+02
ODB Field Frame Number     10 of     20 requested intervals at  1.250001E-01
   237977  2.750E-02 1.275E-01  00:08:11 1.157E-07         708  3.584E+00  9.888E+02
ODB Field Frame Number     11 of     20 requested intervals at  1.275001E-01
   259607  3.000E-02 1.300E-01  00:08:26 1.158E-07         708  2.969E+00  9.889E+02
ODB Field Frame Number     12 of     20 requested intervals at  1.300000E-01
   281222  3.250E-02 1.325E-01  00:08:42 1.158E-07         708  3.033E+00  9.854E+02
ODB Field Frame Number     13 of     20 requested intervals at  1.325000E-01
   302766  3.500E-02 1.350E-01  00:08:59 1.160E-07         708  5.704E+00  9.873E+02
ODB Field Frame Number     14 of     20 requested intervals at  1.350001E-01
   324240  3.750E-02 1.375E-01  00:09:16 1.163E-07         708  6.305E+00  9.864E+02
ODB Field Frame Number     15 of     20 requested intervals at  1.375000E-01
   345668  4.000E-02 1.400E-01  00:09:33 1.168E-07         708  4.498E+00  9.859E+02
ODB Field Frame Number     16 of     20 requested intervals at  1.400001E-01
   367066  4.250E-02 1.425E-01  00:09:49 1.191E-07         707  6.410E+00  9.850E+02
ODB Field Frame Number     17 of     20 requested intervals at  1.425001E-01
   388037  4.500E-02 1.450E-01  00:10:06 1.198E-07         708  6.742E+00  9.832E+02
ODB Field Frame Number     18 of     20 requested intervals at  1.450000E-01
   409009  4.750E-02 1.475E-01  00:10:22 1.188E-07         708  6.074E+00  9.852E+02
ODB Field Frame Number     19 of     20 requested intervals at  1.475001E-01
   429980  5.000E-02 1.500E-01  00:10:38 1.207E-07         823  5.558E+00  9.836E+02
Restart Number  1 at 0.15000
ODB Field Frame Number     20 of     20 requested intervals at  1.500000E-01

***WARNING: Jumps in displacement boundary conditions have been detected at
            the beginning of step 4.  The maximum jump is 28.004 at node 228
            of instance LOWER-1.  The node set "WarnNodeDispBCJump" has been
            written to the .odb file for display in Abaqus/Viewer.  Check the
            .msg file for more detailed information.


***NOTE: Displacement boundary conditions with prescribed jumps will be
         enforced as defined, minus the value of the jump. The jumps might be
         caused by:
            1) A discontinuous *BOUNDARY, TYPE=DISPLACEMENT definition.
            2) Initial contact adjustments at the beginning of the first
               step.
            3) Locating the rigid body reference node with the POSITION=CENTER
               OF MASS parameter.
            4) Use of an amplitude curve to prescribe the boundary conditions
               in an analysis with a large number of increments; precision
               error may cause a small drift from the prescribed displacement.


Abaqus/Explicit 6.11-3                           DATE 09-Dec-2018  TIME 19:40:16

 STEP 4  ORIGIN 0.15000

  Total memory used for step 4 is approximately 7.9 megabytes.
  Global time estimation algorithm will be used.
  Scaling factor:  1.0000
  Variable mass scaling factor at zero increment: 1.0000
              STEP     TOTAL       CPU      STABLE    CRITICAL    KINETIC      TOTAL
INCREMENT     TIME      TIME      TIME   INCREMENT     ELEMENT     ENERGY     ENERGY
        0  0.000E+00 1.500E-01  00:10:38 1.010E-07         823  5.558E+00  9.806E+02
INSTANCE WITH CRITICAL ELEMENT: MODEL-1
ODB Field Frame Number      0 of     30 requested intervals at increment zero.
    13935  1.667E-03 1.517E-01  00:10:49 1.196E-07         708  2.656E+00  9.769E+02
INSTANCE WITH CRITICAL ELEMENT: MODEL-1
ODB Field Frame Number      1 of     30 requested intervals at  1.516668E-01
    27854  3.333E-03 1.533E-01  00:11:00 1.207E-07         708  3.395E+00  9.770E+02
ODB Field Frame Number      2 of     30 requested intervals at  1.533334E-01
    41753  5.000E-03 1.550E-01  00:11:11 1.199E-07         708  4.650E+00  9.763E+02
ODB Field Frame Number      3 of     30 requested intervals at  1.550000E-01
    55603  6.667E-03 1.567E-01  00:11:22 1.202E-07        1334  4.298E+00  9.755E+02
ODB Field Frame Number      4 of     30 requested intervals at  1.566667E-01
    69432  8.333E-03 1.583E-01  00:11:33 1.198E-07        1334  4.693E+00  9.741E+02
ODB Field Frame Number      5 of     30 requested intervals at  1.583334E-01
    83294  1.000E-02 1.600E-01  00:11:44 1.207E-07        1311  5.082E+00  9.728E+02
ODB Field Frame Number      6 of     30 requested intervals at  1.600001E-01
    97180  1.167E-02 1.617E-01  00:11:55 1.190E-07        1334  5.325E+00  9.729E+02
ODB Field Frame Number      7 of     30 requested intervals at  1.616667E-01
   111125  1.333E-02 1.633E-01  00:12:07 1.207E-07        1311  5.828E+00  9.696E+02
ODB Field Frame Number      8 of     30 requested intervals at  1.633334E-01
   125110  1.500E-02 1.650E-01  00:12:17 1.207E-07        1357  5.556E+00  9.729E+02
ODB Field Frame Number      9 of     30 requested intervals at  1.650001E-01
   139121  1.667E-02 1.667E-01  00:12:27 1.183E-07        1288  2.151E+01  9.782E+02
ODB Field Frame Number     10 of     30 requested intervals at  1.666668E-01
   153367  1.833E-02 1.683E-01  00:12:38 1.156E-07        1334  5.055E+01  9.835E+02
ODB Field Frame Number     11 of     30 requested intervals at  1.683334E-01
   167701  2.000E-02 1.700E-01  00:12:49 1.147E-07        1334  5.400E+01  9.823E+02
ODB Field Frame Number     12 of     30 requested intervals at  1.700001E-01
   182176  2.167E-02 1.717E-01  00:13:01 1.145E-07        1334  1.090E+01  9.829E+02
ODB Field Frame Number     13 of     30 requested intervals at  1.716667E-01
   196790  2.333E-02 1.733E-01  00:13:12 1.135E-07        1380  1.349E+01  9.869E+02
ODB Field Frame Number     14 of     30 requested intervals at  1.733334E-01
   211518  2.500E-02 1.750E-01  00:13:23 1.120E-07        1380  1.550E+01  9.889E+02
ODB Field Frame Number     15 of     30 requested intervals at  1.750001E-01
   226398  2.667E-02 1.767E-01  00:13:34 1.108E-07        1380  1.513E+01  9.897E+02
ODB Field Frame Number     16 of     30 requested intervals at  1.766667E-01
   241450  2.833E-02 1.783E-01  00:13:46 1.097E-07        1380  1.424E+01  9.922E+02
ODB Field Frame Number     17 of     30 requested intervals at  1.783333E-01
   256612  3.000E-02 1.800E-01  00:13:57 1.077E-07        1380  2.150E+01  9.921E+02
ODB Field Frame Number     18 of     30 requested intervals at  1.800001E-01
   271850  3.167E-02 1.817E-01  00:14:10 1.098E-07        1334  3.639E+01  9.979E+02
ODB Field Frame Number     19 of     30 requested intervals at  1.816667E-01
   286990  3.333E-02 1.833E-01  00:14:23 1.073E-07        1334  3.946E+01  1.007E+03
ODB Field Frame Number     20 of     30 requested intervals at  1.833334E-01
   302488  3.500E-02 1.850E-01  00:14:36 1.052E-07        1334  4.052E+01  1.022E+03
ODB Field Frame Number     21 of     30 requested intervals at  1.850001E-01
   318540  3.667E-02 1.867E-01  00:14:49 1.003E-07         276  6.168E+01  1.033E+03
ODB Field Frame Number     22 of     30 requested intervals at  1.866667E-01
   335317  3.833E-02 1.883E-01  00:15:02 9.892E-08         823  4.580E+01  1.046E+03
ODB Field Frame Number     23 of     30 requested intervals at  1.883333E-01
   353037  4.000E-02 1.900E-01  00:15:17 9.004E-08         709  4.592E+01  1.050E+03
ODB Field Frame Number     24 of     30 requested intervals at  1.900001E-01
   371779  4.167E-02 1.917E-01  00:15:32 8.439E-08         823  5.095E+01  1.062E+03
ODB Field Frame Number     25 of     30 requested intervals at  1.916667E-01
   391457  4.333E-02 1.933E-01  00:15:47 7.979E-08         823  8.531E+01  1.077E+03
ODB Field Frame Number     26 of     30 requested intervals at  1.933334E-01
   412225  4.500E-02 1.950E-01  00:16:03 7.613E-08         708  5.138E+01  1.088E+03
ODB Field Frame Number     27 of     30 requested intervals at  1.950000E-01
   433894  4.667E-02 1.967E-01  00:16:20 7.733E-08         822  6.272E+01  1.105E+03
ODB Field Frame Number     28 of     30 requested intervals at  1.966667E-01
   456975  4.833E-02 1.983E-01  00:16:38 6.954E-08         707  5.897E+01  1.137E+03
ODB Field Frame Number     29 of     30 requested intervals at  1.983334E-01
   480857  5.000E-02 2.000E-01  00:16:57 6.783E-08         707  7.139E+01  1.157E+03
Restart Number  1 at 0.20000
ODB Field Frame Number     30 of     30 requested intervals at  2.000000E-01

  THE ANALYSIS HAS COMPLETED SUCCESSFULLY

