*****************************************************************
      SolidWorks Corporation - IGES Processor Status Report
*****************************************************************
=================================================================
Общая информация
=================================================================
Отправка кода продукта системы: Деталь1
Получение кода продукта системы: Деталь1
Имя файла                 : D:\MyProject(31.11.18)\ver1\bin\Debug\Temp 08.12.2018[14.08.10]\Length 40 Width20 Height80 Angle15 Friction0.2\Model.IGS
Отправка системы               : SolidWorks 2016
Версия препроцессора       : SolidWorks 2016
Дата создания файла           : 181208.141755
Дата создания модели          : 181208.141755
Единицы                        : MM
Масштаб пространства модели            : 1
Автор                       : admin
Организация                 : 


=================================================================
Сведения по обработке объекта
=================================================================


=================================================================
Точный анализ файла IGES:
=================================================================


=================================================================
Сводка по объектам
=================================================================
-----------------------------------------------------------------
Тип Имя                                         Количество Преобразован
---- ----                                         ----- ---------
102  Composite curve                                 12        12
110  Line                                            24        24
126  Rational B-spline curve                         24        24
128  Rational B-spline surface                        6         6
142  Curve on a parametric surface                    6         6
144  Trimmed parametric surface                       6         6
314  Color definition                                 1         1
_________________________________________________________________


=================================================================
Сводка результатов
=================================================================
Тип элемента SolidWorks                Количество
-----------------------                -----
Твердотельные элементы                       1
Элементы поверхности                     0
Элементы кривой/эскиза                0
--------------------------------------------
Время начала: пятница, Декабрь 14, 2018 21:15:23
Время окончания: пятница, Декабрь 14, 2018 21:15:34
Время обработки: 0 days, 00 hours, 00 mins, 11 secs
