*****************************************************************
      SolidWorks Corporation - IGES Processor Status Report
*****************************************************************
=================================================================
Общая информация
=================================================================
Отправка кода продукта системы: Деталь4
Получение кода продукта системы: Деталь4
Имя файла                 : D:\MyProject(31.11.18)\ver1\bin\Debug\Temp 08.12.2018[14.08.10]\Length 40 Width20 Height80 Angle15 Friction0.2\Tool.IGS
Отправка системы               : SolidWorks 2016
Версия препроцессора       : SolidWorks 2016
Дата создания файла           : 181208.141800
Дата создания модели          : 181208.141800
Единицы                        : MM
Масштаб пространства модели            : 1
Автор                       : admin
Организация                 : 


=================================================================
Сведения по обработке объекта
=================================================================


=================================================================
Точный анализ файла IGES:
=================================================================


=================================================================
Сводка по объектам
=================================================================
-----------------------------------------------------------------
Тип Имя                                         Количество Преобразован
---- ----                                         ----- ---------
102  Composite curve                                 24        24
110  Line                                            48        48
126  Rational B-spline curve                         48        48
128  Rational B-spline surface                       10        10
142  Curve on a parametric surface                   12        12
144  Trimmed parametric surface                      10        10
314  Color definition                                 1         1
_________________________________________________________________


=================================================================
Сводка результатов
=================================================================
Тип элемента SolidWorks                Количество
-----------------------                -----
Твердотельные элементы                       1
Элементы поверхности                     0
Элементы кривой/эскиза                0
--------------------------------------------
Время начала: пятница, Декабрь 14, 2018 23:56:15
Время окончания: пятница, Декабрь 14, 2018 23:56:17
Время обработки: 0 days, 00 hours, 00 mins, 02 secs
