*****************************************************************
      SolidWorks Corporation - IGES Processor Status Report
*****************************************************************
=================================================================
Общая информация
=================================================================
Отправка кода продукта системы: Деталь2
Получение кода продукта системы: Деталь2
Имя файла                 : D:\MyProject(31.11.18)\ver1\bin\Debug\Temp 08.12.2018[14.08.10]\Length 40 Width20 Height80 Angle15 Friction0.2\Upper.IGS
Отправка системы               : SolidWorks 2016
Версия препроцессора       : SolidWorks 2016
Дата создания файла           : 181208.141757
Дата создания модели          : 181208.141757
Единицы                        : MM
Масштаб пространства модели            : 1
Автор                       : admin
Организация                 : 


=================================================================
Сведения по обработке объекта
=================================================================


=================================================================
Точный анализ файла IGES:
=================================================================
  Преобладающее число значимых знаков:               1
  Наибольшее число значимых знаков:                     12
  Среднее число значимых знаков:                 4.5567
  Максимальное расстояние до исходной точки:                          1004.45
  Минимальное расстояние до исходной точки:                           81.429
  Эффективное число значимых знаков:              11.9294


=================================================================
Сводка по объектам
=================================================================
-----------------------------------------------------------------
Тип Имя                                         Количество Преобразован
---- ----                                         ----- ---------
100  Arc                                              8         8
102  Composite curve                                 24        24
110  Line                                            56        56
120  Surface of revolution                            2         2
124  Transformation matrix                            6         6
126  Rational B-spline curve                         60        60
128  Rational B-spline surface                       10        10
142  Curve on a parametric surface                   12        12
144  Trimmed parametric surface                      12        12
314  Color definition                                 1         1
_________________________________________________________________


=================================================================
Сводка результатов
=================================================================
Тип элемента SolidWorks                Количество
-----------------------                -----
Твердотельные элементы                       1
Элементы поверхности                     0
Элементы кривой/эскиза                0
--------------------------------------------
Время начала: суббота, Декабрь 15, 2018 00:02:32
Время окончания: суббота, Декабрь 15, 2018 00:02:34
Время обработки: 0 days, 00 hours, 00 mins, 02 secs
